{"/tmp/.task/npmtest/node-npmtest-mysql/test.js":{"path":"/tmp/.task/npmtest/node-npmtest-mysql/test.js","s":{"1":2,"2":2,"3":2,"4":2,"5":2,"6":2,"7":2,"8":1,"9":2,"10":2,"11":1,"12":1,"13":1,"14":1,"15":2,"16":2,"17":2,"18":2,"19":1,"20":1,"21":2,"22":2,"23":2,"24":1,"25":1,"26":1,"27":1,"28":1,"29":1,"30":1,"31":1,"32":1,"33":1,"34":1,"35":1,"36":1,"37":1,"38":1,"39":2,"40":2,"41":1,"42":2,"43":2,"44":1,"45":2,"46":2,"47":1,"48":2,"49":2,"50":1,"51":1,"52":1,"53":1,"54":1},"b":{"1":[2,1,1,1],"2":[1,1,1,1],"3":[1,1],"4":[1,1],"5":[1,1],"6":[1,1],"7":[1,1],"8":[1,1],"9":[1,1],"10":[1,1,1],"11":[1,1],"12":[1,1],"13":[1,1],"14":[1,1],"15":[1,1],"16":[1,1],"17":[1,1]},"f":{"1":2,"2":2,"3":2,"4":2,"5":2,"6":1,"7":1,"8":1,"9":2,"10":2,"11":2,"12":2,"13":1},"fnMap":{"1":{"name":"(anonymous_1)","line":12,"loc":{"start":{"line":12,"column":1},"end":{"line":12,"column":13}}},"2":{"name":"(anonymous_2)","line":19,"loc":{"start":{"line":19,"column":5},"end":{"line":19,"column":17}}},"3":{"name":"(anonymous_3)","line":23,"loc":{"start":{"line":23,"column":24},"end":{"line":23,"column":36}}},"4":{"name":"(anonymous_4)","line":61,"loc":{"start":{"line":61,"column":5},"end":{"line":61,"column":17}}},"5":{"name":"(anonymous_5)","line":82,"loc":{"start":{"line":82,"column":5},"end":{"line":82,"column":17}}},"6":{"name":"(anonymous_6)","line":91,"loc":{"start":{"line":91,"column":77},"end":{"line":94,"column":10}}},"7":{"name":"(anonymous_7)","line":112,"loc":{"start":{"line":112,"column":83},"end":{"line":115,"column":10}},"skip":true},"8":{"name":"(anonymous_8)","line":123,"loc":{"start":{"line":123,"column":77},"end":{"line":126,"column":10}},"skip":true},"9":{"name":"(anonymous_9)","line":139,"loc":{"start":{"line":139,"column":12},"end":{"line":139,"column":40}},"skip":true},"10":{"name":"(anonymous_10)","line":147,"loc":{"start":{"line":147,"column":77},"end":{"line":150,"column":10}},"skip":true},"11":{"name":"(anonymous_11)","line":158,"loc":{"start":{"line":158,"column":83},"end":{"line":161,"column":10}},"skip":true},"12":{"name":"(anonymous_12)","line":169,"loc":{"start":{"line":169,"column":79},"end":{"line":172,"column":10}},"skip":true},"13":{"name":"(anonymous_13)","line":180,"loc":{"start":{"line":180,"column":75},"end":{"line":183,"column":10}},"skip":true}},"statementMap":{"1":{"start":{"line":12,"column":0},"end":{"line":195,"column":5}},"2":{"start":{"line":14,"column":4},"end":{"line":14,"column":14}},"3":{"start":{"line":19,"column":4},"end":{"line":56,"column":9}},"4":{"start":{"line":21,"column":8},"end":{"line":21,"column":19}},"5":{"start":{"line":23,"column":8},"end":{"line":35,"column":13}},"6":{"start":{"line":24,"column":12},"end":{"line":34,"column":13}},"7":{"start":{"line":25,"column":16},"end":{"line":28,"column":30}},"8":{"start":{"line":30,"column":16},"end":{"line":33,"column":27}},"9":{"start":{"line":37,"column":8},"end":{"line":39,"column":21}},"10":{"start":{"line":40,"column":8},"end":{"line":53,"column":9}},"11":{"start":{"line":43,"column":12},"end":{"line":46,"column":14}},"12":{"start":{"line":47,"column":12},"end":{"line":47,"column":18}},"13":{"start":{"line":50,"column":12},"end":{"line":51,"column":33}},"14":{"start":{"line":52,"column":12},"end":{"line":52,"column":18}},"15":{"start":{"line":55,"column":8},"end":{"line":55,"column":35}},"16":{"start":{"line":61,"column":4},"end":{"line":63,"column":9}},"17":{"start":{"line":62,"column":8},"end":{"line":62,"column":15}},"18":{"start":{"line":64,"column":4},"end":{"line":77,"column":5}},"19":{"start":{"line":70,"column":8},"end":{"line":70,"column":14}},"20":{"start":{"line":76,"column":8},"end":{"line":76,"column":14}},"21":{"start":{"line":82,"column":4},"end":{"line":84,"column":9}},"22":{"start":{"line":83,"column":8},"end":{"line":83,"column":15}},"23":{"start":{"line":85,"column":4},"end":{"line":194,"column":5}},"24":{"start":{"line":91,"column":8},"end":{"line":99,"column":10}},"25":{"start":{"line":98,"column":12},"end":{"line":98,"column":35}},"26":{"start":{"line":102,"column":8},"end":{"line":104,"column":63}},"27":{"start":{"line":105,"column":8},"end":{"line":105,"column":14}},"28":{"start":{"line":112,"column":8},"end":{"line":121,"column":10},"skip":true},"29":{"start":{"line":119,"column":12},"end":{"line":119,"column":55},"skip":true},"30":{"start":{"line":120,"column":12},"end":{"line":120,"column":48},"skip":true},"31":{"start":{"line":123,"column":8},"end":{"line":136,"column":10},"skip":true},"32":{"start":{"line":130,"column":12},"end":{"line":130,"column":76},"skip":true},"33":{"start":{"line":131,"column":12},"end":{"line":131,"column":73},"skip":true},"34":{"start":{"line":132,"column":12},"end":{"line":132,"column":74},"skip":true},"35":{"start":{"line":133,"column":12},"end":{"line":133,"column":79},"skip":true},"36":{"start":{"line":134,"column":12},"end":{"line":134,"column":25},"skip":true},"37":{"start":{"line":135,"column":12},"end":{"line":135,"column":45},"skip":true},"38":{"start":{"line":138,"column":8},"end":{"line":145,"column":14},"skip":true},"39":{"start":{"line":143,"column":16},"end":{"line":143,"column":29},"skip":true},"40":{"start":{"line":144,"column":16},"end":{"line":144,"column":55},"skip":true},"41":{"start":{"line":147,"column":8},"end":{"line":156,"column":10},"skip":true},"42":{"start":{"line":154,"column":12},"end":{"line":154,"column":25},"skip":true},"43":{"start":{"line":155,"column":12},"end":{"line":155,"column":45},"skip":true},"44":{"start":{"line":158,"column":8},"end":{"line":167,"column":10},"skip":true},"45":{"start":{"line":165,"column":12},"end":{"line":165,"column":25},"skip":true},"46":{"start":{"line":166,"column":12},"end":{"line":166,"column":48},"skip":true},"47":{"start":{"line":169,"column":8},"end":{"line":178,"column":10},"skip":true},"48":{"start":{"line":176,"column":12},"end":{"line":176,"column":25},"skip":true},"49":{"start":{"line":177,"column":12},"end":{"line":177,"column":46},"skip":true},"50":{"start":{"line":180,"column":8},"end":{"line":189,"column":10},"skip":true},"51":{"start":{"line":187,"column":12},"end":{"line":187,"column":94},"skip":true},"52":{"start":{"line":188,"column":12},"end":{"line":188,"column":48},"skip":true},"53":{"start":{"line":192,"column":8},"end":{"line":192,"column":35},"skip":true},"54":{"start":{"line":193,"column":8},"end":{"line":193,"column":14},"skip":true}},"branchMap":{"1":{"line":25,"type":"binary-expr","locations":[{"start":{"line":25,"column":23},"end":{"line":25,"column":62}},{"start":{"line":26,"column":20},"end":{"line":26,"column":70}},{"start":{"line":27,"column":20},"end":{"line":27,"column":71}},{"start":{"line":28,"column":20},"end":{"line":28,"column":29}}]},"2":{"line":30,"type":"binary-expr","locations":[{"start":{"line":30,"column":23},"end":{"line":30,"column":37}},{"start":{"line":31,"column":20},"end":{"line":31,"column":61}},{"start":{"line":32,"column":20},"end":{"line":32,"column":70}},{"start":{"line":33,"column":20},"end":{"line":33,"column":26}}]},"3":{"line":37,"type":"cond-expr","locations":[{"start":{"line":38,"column":14},"end":{"line":38,"column":20}},{"start":{"line":39,"column":14},"end":{"line":39,"column":20}}]},"4":{"line":40,"type":"switch","locations":[{"start":{"line":42,"column":8},"end":{"line":47,"column":18}},{"start":{"line":49,"column":8},"end":{"line":52,"column":18}}]},"5":{"line":44,"type":"binary-expr","locations":[{"start":{"line":44,"column":16},"end":{"line":44,"column":44}},{"start":{"line":44,"column":48},"end":{"line":44,"column":66}}]},"6":{"line":50,"type":"binary-expr","locations":[{"start":{"line":50,"column":21},"end":{"line":50,"column":49}},{"start":{"line":50,"column":53},"end":{"line":50,"column":72}}]},"7":{"line":64,"type":"switch","locations":[{"start":{"line":69,"column":4},"end":{"line":70,"column":14}},{"start":{"line":75,"column":4},"end":{"line":76,"column":14}}]},"8":{"line":85,"type":"switch","locations":[{"start":{"line":90,"column":4},"end":{"line":105,"column":14}},{"start":{"line":111,"column":4},"end":{"line":193,"column":14},"skip":true}]},"9":{"line":91,"type":"binary-expr","locations":[{"start":{"line":91,"column":42},"end":{"line":91,"column":73}},{"start":{"line":91,"column":77},"end":{"line":99,"column":9}}]},"10":{"line":102,"type":"binary-expr","locations":[{"start":{"line":102,"column":18},"end":{"line":102,"column":32}},{"start":{"line":103,"column":12},"end":{"line":103,"column":53}},{"start":{"line":104,"column":12},"end":{"line":104,"column":61}}]},"11":{"line":112,"type":"binary-expr","locations":[{"start":{"line":112,"column":45},"end":{"line":112,"column":79},"skip":true},{"start":{"line":112,"column":83},"end":{"line":121,"column":9},"skip":true}]},"12":{"line":123,"type":"binary-expr","locations":[{"start":{"line":123,"column":42},"end":{"line":123,"column":73},"skip":true},{"start":{"line":123,"column":77},"end":{"line":136,"column":9},"skip":true}]},"13":{"line":138,"type":"binary-expr","locations":[{"start":{"line":138,"column":48},"end":{"line":138,"column":85},"skip":true},{"start":{"line":139,"column":12},"end":{"line":145,"column":13},"skip":true}]},"14":{"line":147,"type":"binary-expr","locations":[{"start":{"line":147,"column":42},"end":{"line":147,"column":73},"skip":true},{"start":{"line":147,"column":77},"end":{"line":156,"column":9},"skip":true}]},"15":{"line":158,"type":"binary-expr","locations":[{"start":{"line":158,"column":45},"end":{"line":158,"column":79},"skip":true},{"start":{"line":158,"column":83},"end":{"line":167,"column":9},"skip":true}]},"16":{"line":169,"type":"binary-expr","locations":[{"start":{"line":169,"column":43},"end":{"line":169,"column":75},"skip":true},{"start":{"line":169,"column":79},"end":{"line":178,"column":9},"skip":true}]},"17":{"line":180,"type":"binary-expr","locations":[{"start":{"line":180,"column":41},"end":{"line":180,"column":71},"skip":true},{"start":{"line":180,"column":75},"end":{"line":189,"column":9},"skip":true}]}},"code":["/* istanbul instrument in package npmtest_mysql */","/*jslint","    bitwise: true,","    browser: true,","    maxerr: 8,","    maxlen: 96,","    node: true,","    nomen: true,","    regexp: true,","    stupid: true","*/","(function () {","    'use strict';","    var local;","","","","    // run shared js-env code - init-before","    (function () {","        // init local","        local = {};","        // init modeJs","        local.modeJs = (function () {","            try {","                return typeof navigator.userAgent === 'string' &&","                    typeof document.querySelector('body') === 'object' &&","                    typeof XMLHttpRequest.prototype.open === 'function' &&","                    'browser';","            } catch (errorCaughtBrowser) {","                return module.exports &&","                    typeof process.versions.node === 'string' &&","                    typeof require('http').createServer === 'function' &&","                    'node';","            }","        }());","        // init global","        local.global = local.modeJs === 'browser'","            ? window","            : global;","        switch (local.modeJs) {","        // re-init local from window.local","        case 'browser':","            local = local.global.utility2.objectSetDefault(","                local.global.utility2_rollup || local.global.local,","                local.global.utility2","            );","            break;","        // re-init local from example.js","        case 'node':","            local = (local.global.utility2_rollup || require('utility2'))","                .requireReadme();","            break;","        }","        // export local","        local.global.local = local;","    }());","","","","    // run shared js-env code - function","    (function () {","        return;","    }());","    switch (local.modeJs) {","","","","    // run browser js-env code - function","    case 'browser':","        break;","","","","    // run node js-env code - function","    case 'node':","        break;","    }","","","","    // run shared js-env code - init-after","    (function () {","        return;","    }());","    switch (local.modeJs) {","","","","    // run browser js-env code - init-after","    case 'browser':","        local.testCase_browser_nullCase = local.testCase_browser_nullCase || function (","            options,","            onError","        ) {","        /*","         * this function will test browsers's null-case handling-behavior-behavior","         */","            onError(null, options);","        };","","        // run tests","        local.nop(local.modeTest &&","            document.querySelector('#testRunButton1') &&","            document.querySelector('#testRunButton1').click());","        break;","","","","    // run node js-env code - init-after","    /* istanbul ignore next */","    case 'node':","        local.testCase_buildApidoc_default = local.testCase_buildApidoc_default || function (","            options,","            onError","        ) {","        /*","         * this function will test buildApidoc's default handling-behavior-behavior","         */","            options = { modulePathList: module.paths };","            local.buildApidoc(options, onError);","        };","","        local.testCase_buildApp_default = local.testCase_buildApp_default || function (","            options,","            onError","        ) {","        /*","         * this function will test buildApp's default handling-behavior-behavior","         */","            local.testCase_buildReadme_default(options, local.onErrorThrow);","            local.testCase_buildLib_default(options, local.onErrorThrow);","            local.testCase_buildTest_default(options, local.onErrorThrow);","            local.testCase_buildCustomOrg_default(options, local.onErrorThrow);","            options = [];","            local.buildApp(options, onError);","        };","","        local.testCase_buildCustomOrg_default = local.testCase_buildCustomOrg_default ||","            function (options, onError) {","            /*","             * this function will test buildCustomOrg's default handling-behavior","             */","                options = {};","                local.buildCustomOrg(options, onError);","            };","","        local.testCase_buildLib_default = local.testCase_buildLib_default || function (","            options,","            onError","        ) {","        /*","         * this function will test buildLib's default handling-behavior","         */","            options = {};","            local.buildLib(options, onError);","        };","","        local.testCase_buildReadme_default = local.testCase_buildReadme_default || function (","            options,","            onError","        ) {","        /*","         * this function will test buildReadme's default handling-behavior-behavior","         */","            options = {};","            local.buildReadme(options, onError);","        };","","        local.testCase_buildTest_default = local.testCase_buildTest_default || function (","            options,","            onError","        ) {","        /*","         * this function will test buildTest's default handling-behavior","         */","            options = {};","            local.buildTest(options, onError);","        };","","        local.testCase_webpage_default = local.testCase_webpage_default || function (","            options,","            onError","        ) {","        /*","         * this function will test webpage's default handling-behavior","         */","            options = { modeCoverageMerge: true, url: local.serverLocalHost + '?modeTest=1' };","            local.browserTest(options, onError);","        };","","        // run test-server","        local.testRunServer(local);","        break;","    }","}());",""],"l":{"12":2,"14":2,"19":2,"21":2,"23":2,"24":2,"25":2,"30":1,"37":2,"40":2,"43":1,"47":1,"50":1,"52":1,"55":2,"61":2,"62":2,"64":2,"70":1,"76":1,"82":2,"83":2,"85":2,"91":1,"98":1,"102":1,"105":1,"112":1,"119":1,"120":1,"123":1,"130":1,"131":1,"132":1,"133":1,"134":1,"135":1,"138":1,"143":2,"144":2,"147":1,"154":2,"155":2,"158":1,"165":2,"166":2,"169":1,"176":2,"177":2,"180":1,"187":1,"188":1,"192":1,"193":1}},"/tmp/.task/npmtest/node-npmtest-mysql/lib.npmtest_mysql.js":{"path":"/tmp/.task/npmtest/node-npmtest-mysql/lib.npmtest_mysql.js","s":{"1":2,"2":2,"3":2,"4":2,"5":2,"6":2,"7":2,"8":1,"9":2,"10":2,"11":2,"12":2,"13":1,"14":1,"15":1,"16":1},"b":{"1":[2,1,1,1],"2":[1,1,1,1],"3":[1,1],"4":[2,2],"5":[1,1]},"f":{"1":2,"2":2,"3":2},"fnMap":{"1":{"name":"(anonymous_1)","line":12,"loc":{"start":{"line":12,"column":1},"end":{"line":12,"column":13}}},"2":{"name":"(anonymous_2)","line":19,"loc":{"start":{"line":19,"column":5},"end":{"line":19,"column":17}}},"3":{"name":"(anonymous_3)","line":23,"loc":{"start":{"line":23,"column":24},"end":{"line":23,"column":36}}}},"statementMap":{"1":{"start":{"line":12,"column":0},"end":{"line":53,"column":5}},"2":{"start":{"line":14,"column":4},"end":{"line":14,"column":14}},"3":{"start":{"line":19,"column":4},"end":{"line":52,"column":9}},"4":{"start":{"line":21,"column":8},"end":{"line":21,"column":19}},"5":{"start":{"line":23,"column":8},"end":{"line":35,"column":13}},"6":{"start":{"line":24,"column":12},"end":{"line":34,"column":13}},"7":{"start":{"line":25,"column":16},"end":{"line":28,"column":30}},"8":{"start":{"line":30,"column":16},"end":{"line":33,"column":27}},"9":{"start":{"line":37,"column":8},"end":{"line":39,"column":21}},"10":{"start":{"line":41,"column":8},"end":{"line":41,"column":54}},"11":{"start":{"line":43,"column":8},"end":{"line":43,"column":50}},"12":{"start":{"line":45,"column":8},"end":{"line":51,"column":9}},"13":{"start":{"line":46,"column":12},"end":{"line":46,"column":56}},"14":{"start":{"line":48,"column":12},"end":{"line":48,"column":35}},"15":{"start":{"line":49,"column":12},"end":{"line":49,"column":49}},"16":{"start":{"line":50,"column":12},"end":{"line":50,"column":43}}},"branchMap":{"1":{"line":25,"type":"binary-expr","locations":[{"start":{"line":25,"column":23},"end":{"line":25,"column":62}},{"start":{"line":26,"column":20},"end":{"line":26,"column":70}},{"start":{"line":27,"column":20},"end":{"line":27,"column":71}},{"start":{"line":28,"column":20},"end":{"line":28,"column":29}}]},"2":{"line":30,"type":"binary-expr","locations":[{"start":{"line":30,"column":23},"end":{"line":30,"column":37}},{"start":{"line":31,"column":20},"end":{"line":31,"column":61}},{"start":{"line":32,"column":20},"end":{"line":32,"column":70}},{"start":{"line":33,"column":20},"end":{"line":33,"column":26}}]},"3":{"line":37,"type":"cond-expr","locations":[{"start":{"line":38,"column":14},"end":{"line":38,"column":20}},{"start":{"line":39,"column":14},"end":{"line":39,"column":20}}]},"4":{"line":41,"type":"binary-expr","locations":[{"start":{"line":41,"column":16},"end":{"line":41,"column":44}},{"start":{"line":41,"column":48},"end":{"line":41,"column":53}}]},"5":{"line":45,"type":"if","locations":[{"start":{"line":45,"column":8},"end":{"line":45,"column":8}},{"start":{"line":45,"column":8},"end":{"line":45,"column":8}}]}},"code":["/* istanbul instrument in package npmtest_mysql */","/*jslint","    bitwise: true,","    browser: true,","    maxerr: 8,","    maxlen: 96,","    node: true,","    nomen: true,","    regexp: true,","    stupid: true","*/","(function () {","    'use strict';","    var local;","","","","    // run shared js-env code - init-before","    (function () {","        // init local","        local = {};","        // init modeJs","        local.modeJs = (function () {","            try {","                return typeof navigator.userAgent === 'string' &&","                    typeof document.querySelector('body') === 'object' &&","                    typeof XMLHttpRequest.prototype.open === 'function' &&","                    'browser';","            } catch (errorCaughtBrowser) {","                return module.exports &&","                    typeof process.versions.node === 'string' &&","                    typeof require('http').createServer === 'function' &&","                    'node';","            }","        }());","        // init global","        local.global = local.modeJs === 'browser'","            ? window","            : global;","        // init utility2_rollup","        local = local.global.utility2_rollup || local;","        // init lib","        local.local = local.npmtest_mysql = local;","        // init exports","        if (local.modeJs === 'browser') {","            local.global.utility2_npmtest_mysql = local;","        } else {","            module.exports = local;","            module.exports.__dirname = __dirname;","            module.exports.module = module;","        }","    }());","}());",""],"l":{"12":2,"14":2,"19":2,"21":2,"23":2,"24":2,"25":2,"30":1,"37":2,"41":2,"43":2,"45":2,"46":1,"48":1,"49":1,"50":1}},"/tmp/.task/npmtest/node-npmtest-mysql/example.js":{"path":"/tmp/.task/npmtest/node-npmtest-mysql/example.js","s":{"1":2,"2":2,"3":2,"4":2,"5":2,"6":2,"7":2,"8":1,"9":2,"10":2,"11":2,"12":2,"13":1,"14":2,"15":2,"16":2,"17":2,"18":2,"19":0,"20":2,"21":1,"22":1,"23":1,"24":1,"25":1,"26":0,"27":0,"28":1,"29":1,"30":2,"31":0,"32":0,"33":0,"34":1,"35":2,"36":2,"37":3,"38":3,"39":3,"40":3,"41":0,"42":3,"43":3,"44":3,"45":1,"46":3,"47":1,"48":1,"49":1,"50":1,"51":1,"52":1,"53":1,"54":1,"55":1,"56":1,"57":0,"58":1,"59":6,"60":6,"61":1,"62":2,"63":0,"64":2,"65":1,"66":1,"67":0,"68":0,"69":0,"70":0,"71":0,"72":0,"73":0,"74":0,"75":0,"76":0,"77":0,"78":0,"79":0,"80":0,"81":0,"82":0,"83":0},"b":{"1":[2,1,1,1],"2":[1,1,1,1],"3":[1,1],"4":[2,2],"5":[1,1],"6":[1,1],"7":[2,0],"8":[2,1,1,1,1,1],"9":[0,2,0],"10":[1,1],"11":[2,1,1],"12":[1,0],"13":[0,2],"14":[2,0,0,0,0,0,0],"15":[0,3],"16":[3,0],"17":[1,1],"18":[0,1],"19":[1,2,0,2],"20":[1,0],"21":[1,1],"22":[0,0],"23":[0,0],"24":[0,0],"25":[0,0],"26":[0,0],"27":[0,0],"28":[0,0]},"f":{"1":2,"2":2,"3":2,"4":2,"5":2,"6":2,"7":3,"8":3,"9":3,"10":1,"11":6,"12":0},"fnMap":{"1":{"name":"(anonymous_1)","line":26,"loc":{"start":{"line":26,"column":1},"end":{"line":26,"column":13}}},"2":{"name":"(anonymous_2)","line":33,"loc":{"start":{"line":33,"column":5},"end":{"line":33,"column":17}}},"3":{"name":"(anonymous_3)","line":37,"loc":{"start":{"line":37,"column":24},"end":{"line":37,"column":36}}},"4":{"name":"(anonymous_4)","line":69,"loc":{"start":{"line":69,"column":31},"end":{"line":69,"column":48}},"skip":true},"5":{"name":"(anonymous_5)","line":78,"loc":{"start":{"line":78,"column":26},"end":{"line":78,"column":45}},"skip":true},"6":{"name":"(anonymous_6)","line":123,"loc":{"start":{"line":123,"column":33},"end":{"line":123,"column":48}},"skip":true},"7":{"name":"(anonymous_7)","line":125,"loc":{"start":{"line":125,"column":27},"end":{"line":125,"column":39}},"skip":true},"8":{"name":"(anonymous_8)","line":133,"loc":{"start":{"line":133,"column":59},"end":{"line":133,"column":74}},"skip":true},"9":{"name":"(anonymous_9)","line":143,"loc":{"start":{"line":143,"column":45},"end":{"line":143,"column":62}},"skip":true},"10":{"name":"(anonymous_10)","line":144,"loc":{"start":{"line":144,"column":73},"end":{"line":144,"column":92}},"skip":true},"11":{"name":"(anonymous_11)","line":272,"loc":{"start":{"line":272,"column":51},"end":{"line":272,"column":77}},"skip":true},"12":{"name":"(anonymous_12)","line":315,"loc":{"start":{"line":315,"column":32},"end":{"line":315,"column":61}},"skip":true}},"statementMap":{"1":{"start":{"line":26,"column":0},"end":{"line":326,"column":5}},"2":{"start":{"line":28,"column":4},"end":{"line":28,"column":14}},"3":{"start":{"line":33,"column":4},"end":{"line":60,"column":9}},"4":{"start":{"line":35,"column":8},"end":{"line":35,"column":19}},"5":{"start":{"line":37,"column":8},"end":{"line":49,"column":13}},"6":{"start":{"line":38,"column":12},"end":{"line":48,"column":13}},"7":{"start":{"line":39,"column":16},"end":{"line":42,"column":30}},"8":{"start":{"line":44,"column":16},"end":{"line":47,"column":27}},"9":{"start":{"line":51,"column":8},"end":{"line":53,"column":21}},"10":{"start":{"line":55,"column":8},"end":{"line":57,"column":45}},"11":{"start":{"line":59,"column":8},"end":{"line":59,"column":35}},"12":{"start":{"line":61,"column":4},"end":{"line":325,"column":5}},"13":{"start":{"line":69,"column":8},"end":{"line":121,"column":10},"skip":true},"14":{"start":{"line":70,"column":12},"end":{"line":88,"column":13},"skip":true},"15":{"start":{"line":76,"column":16},"end":{"line":87,"column":19},"skip":true},"16":{"start":{"line":79,"column":20},"end":{"line":86,"column":21},"skip":true},"17":{"start":{"line":82,"column":24},"end":{"line":82,"column":43},"skip":true},"18":{"start":{"line":83,"column":24},"end":{"line":83,"column":30},"skip":true},"19":{"start":{"line":85,"column":24},"end":{"line":85,"column":49},"skip":true},"20":{"start":{"line":89,"column":12},"end":{"line":107,"column":13},"skip":true},"21":{"start":{"line":92,"column":16},"end":{"line":102,"column":17},"skip":true},"22":{"start":{"line":93,"column":20},"end":{"line":93,"column":86},"skip":true},"23":{"start":{"line":94,"column":20},"end":{"line":95,"column":45},"skip":true},"24":{"start":{"line":96,"column":20},"end":{"line":96,"column":42},"skip":true},"25":{"start":{"line":97,"column":20},"end":{"line":97,"column":48},"skip":true},"26":{"start":{"line":100,"column":20},"end":{"line":100,"column":85},"skip":true},"27":{"start":{"line":101,"column":20},"end":{"line":101,"column":96},"skip":true},"28":{"start":{"line":103,"column":16},"end":{"line":103,"column":22},"skip":true},"29":{"start":{"line":106,"column":16},"end":{"line":106,"column":22},"skip":true},"30":{"start":{"line":108,"column":12},"end":{"line":120,"column":13},"skip":true},"31":{"start":{"line":114,"column":16},"end":{"line":119,"column":17},"skip":true},"32":{"start":{"line":116,"column":20},"end":{"line":116,"column":78},"skip":true},"33":{"start":{"line":118,"column":20},"end":{"line":118,"column":47},"skip":true},"34":{"start":{"line":123,"column":8},"end":{"line":141,"column":11},"skip":true},"35":{"start":{"line":124,"column":12},"end":{"line":124,"column":54},"skip":true},"36":{"start":{"line":125,"column":12},"end":{"line":140,"column":14},"skip":true},"37":{"start":{"line":126,"column":16},"end":{"line":126,"column":28},"skip":true},"38":{"start":{"line":127,"column":16},"end":{"line":127,"column":69},"skip":true},"39":{"start":{"line":128,"column":16},"end":{"line":128,"column":75},"skip":true},"40":{"start":{"line":129,"column":16},"end":{"line":131,"column":17},"skip":true},"41":{"start":{"line":130,"column":20},"end":{"line":130,"column":27},"skip":true},"42":{"start":{"line":133,"column":16},"end":{"line":137,"column":36},"skip":true},"43":{"start":{"line":134,"column":20},"end":{"line":136,"column":55},"skip":true},"44":{"start":{"line":139,"column":16},"end":{"line":139,"column":57},"skip":true},"45":{"start":{"line":143,"column":8},"end":{"line":147,"column":11},"skip":true},"46":{"start":{"line":144,"column":12},"end":{"line":146,"column":15},"skip":true},"47":{"start":{"line":145,"column":16},"end":{"line":145,"column":70},"skip":true},"48":{"start":{"line":149,"column":8},"end":{"line":149,"column":31},"skip":true},"49":{"start":{"line":150,"column":8},"end":{"line":150,"column":14},"skip":true},"50":{"start":{"line":158,"column":8},"end":{"line":158,"column":31},"skip":true},"51":{"start":{"line":160,"column":8},"end":{"line":160,"column":33},"skip":true},"52":{"start":{"line":161,"column":8},"end":{"line":161,"column":37},"skip":true},"53":{"start":{"line":162,"column":8},"end":{"line":162,"column":35},"skip":true},"54":{"start":{"line":164,"column":8},"end":{"line":164,"column":50},"skip":true},"55":{"start":{"line":166,"column":8},"end":{"line":256,"column":2},"skip":true},"56":{"start":{"line":258,"column":8},"end":{"line":286,"column":9},"skip":true},"57":{"start":{"line":259,"column":12},"end":{"line":269,"column":14},"skip":true},"58":{"start":{"line":271,"column":12},"end":{"line":285,"column":19},"skip":true},"59":{"start":{"line":274,"column":20},"end":{"line":274,"column":35},"skip":true},"60":{"start":{"line":275,"column":20},"end":{"line":284,"column":21},"skip":true},"61":{"start":{"line":277,"column":24},"end":{"line":277,"column":64},"skip":true},"62":{"start":{"line":279,"column":24},"end":{"line":279,"column":40},"skip":true},"63":{"start":{"line":281,"column":24},"end":{"line":281,"column":40},"skip":true},"64":{"start":{"line":283,"column":24},"end":{"line":283,"column":39},"skip":true},"65":{"start":{"line":288,"column":8},"end":{"line":290,"column":9},"skip":true},"66":{"start":{"line":289,"column":12},"end":{"line":289,"column":18},"skip":true},"67":{"start":{"line":291,"column":8},"end":{"line":293,"column":54},"skip":true},"68":{"start":{"line":296,"column":8},"end":{"line":301,"column":37},"skip":true},"69":{"start":{"line":303,"column":8},"end":{"line":303,"column":82},"skip":true},"70":{"start":{"line":306,"column":8},"end":{"line":308,"column":9},"skip":true},"71":{"start":{"line":307,"column":12},"end":{"line":307,"column":82},"skip":true},"72":{"start":{"line":310,"column":8},"end":{"line":312,"column":9},"skip":true},"73":{"start":{"line":311,"column":12},"end":{"line":311,"column":18},"skip":true},"74":{"start":{"line":313,"column":8},"end":{"line":313,"column":54},"skip":true},"75":{"start":{"line":314,"column":8},"end":{"line":314,"column":69},"skip":true},"76":{"start":{"line":315,"column":8},"end":{"line":323,"column":36},"skip":true},"77":{"start":{"line":316,"column":12},"end":{"line":316,"column":61},"skip":true},"78":{"start":{"line":317,"column":12},"end":{"line":320,"column":13},"skip":true},"79":{"start":{"line":318,"column":16},"end":{"line":318,"column":75},"skip":true},"80":{"start":{"line":319,"column":16},"end":{"line":319,"column":23},"skip":true},"81":{"start":{"line":321,"column":12},"end":{"line":321,"column":38},"skip":true},"82":{"start":{"line":322,"column":12},"end":{"line":322,"column":27},"skip":true},"83":{"start":{"line":324,"column":8},"end":{"line":324,"column":14},"skip":true}},"branchMap":{"1":{"line":39,"type":"binary-expr","locations":[{"start":{"line":39,"column":23},"end":{"line":39,"column":62}},{"start":{"line":40,"column":20},"end":{"line":40,"column":70}},{"start":{"line":41,"column":20},"end":{"line":41,"column":71}},{"start":{"line":42,"column":20},"end":{"line":42,"column":29}}]},"2":{"line":44,"type":"binary-expr","locations":[{"start":{"line":44,"column":23},"end":{"line":44,"column":37}},{"start":{"line":45,"column":20},"end":{"line":45,"column":61}},{"start":{"line":46,"column":20},"end":{"line":46,"column":70}},{"start":{"line":47,"column":20},"end":{"line":47,"column":26}}]},"3":{"line":51,"type":"cond-expr","locations":[{"start":{"line":52,"column":14},"end":{"line":52,"column":20}},{"start":{"line":53,"column":14},"end":{"line":53,"column":20}}]},"4":{"line":55,"type":"binary-expr","locations":[{"start":{"line":55,"column":16},"end":{"line":55,"column":44}},{"start":{"line":55,"column":49},"end":{"line":57,"column":43}}]},"5":{"line":55,"type":"cond-expr","locations":[{"start":{"line":56,"column":14},"end":{"line":56,"column":49}},{"start":{"line":57,"column":14},"end":{"line":57,"column":43}}]},"6":{"line":61,"type":"switch","locations":[{"start":{"line":68,"column":4},"end":{"line":150,"column":14},"skip":true},{"start":{"line":156,"column":4},"end":{"line":324,"column":14},"skip":true}]},"7":{"line":70,"type":"if","locations":[{"start":{"line":70,"column":12},"end":{"line":70,"column":12},"skip":true},{"start":{"line":70,"column":12},"end":{"line":70,"column":12},"skip":true}]},"8":{"line":70,"type":"binary-expr","locations":[{"start":{"line":70,"column":16},"end":{"line":70,"column":22},"skip":true},{"start":{"line":70,"column":27},"end":{"line":70,"column":32},"skip":true},{"start":{"line":71,"column":20},"end":{"line":71,"column":39},"skip":true},{"start":{"line":72,"column":20},"end":{"line":72,"column":49},"skip":true},{"start":{"line":73,"column":20},"end":{"line":73,"column":58},"skip":true},{"start":{"line":74,"column":20},"end":{"line":74,"column":69},"skip":true}]},"9":{"line":79,"type":"switch","locations":[{"start":{"line":80,"column":20},"end":{"line":80,"column":33},"skip":true},{"start":{"line":81,"column":20},"end":{"line":83,"column":30},"skip":true},{"start":{"line":84,"column":20},"end":{"line":85,"column":49},"skip":true}]},"10":{"line":89,"type":"switch","locations":[{"start":{"line":90,"column":12},"end":{"line":103,"column":22},"skip":true},{"start":{"line":105,"column":12},"end":{"line":106,"column":22},"skip":true}]},"11":{"line":89,"type":"binary-expr","locations":[{"start":{"line":89,"column":20},"end":{"line":89,"column":25},"skip":true},{"start":{"line":89,"column":29},"end":{"line":89,"column":48},"skip":true},{"start":{"line":89,"column":52},"end":{"line":89,"column":74},"skip":true}]},"12":{"line":92,"type":"if","locations":[{"start":{"line":92,"column":16},"end":{"line":92,"column":16},"skip":true},{"start":{"line":92,"column":16},"end":{"line":92,"column":16},"skip":true}]},"13":{"line":108,"type":"if","locations":[{"start":{"line":108,"column":12},"end":{"line":108,"column":12},"skip":true},{"start":{"line":108,"column":12},"end":{"line":108,"column":12},"skip":true}]},"14":{"line":108,"type":"binary-expr","locations":[{"start":{"line":108,"column":16},"end":{"line":108,"column":61},"skip":true},{"start":{"line":108,"column":66},"end":{"line":108,"column":72},"skip":true},{"start":{"line":108,"column":77},"end":{"line":108,"column":82},"skip":true},{"start":{"line":109,"column":20},"end":{"line":109,"column":39},"skip":true},{"start":{"line":110,"column":20},"end":{"line":110,"column":49},"skip":true},{"start":{"line":111,"column":20},"end":{"line":111,"column":58},"skip":true},{"start":{"line":112,"column":20},"end":{"line":112,"column":68},"skip":true}]},"15":{"line":129,"type":"if","locations":[{"start":{"line":129,"column":16},"end":{"line":129,"column":16},"skip":true},{"start":{"line":129,"column":16},"end":{"line":129,"column":16},"skip":true}]},"16":{"line":134,"type":"cond-expr","locations":[{"start":{"line":135,"column":26},"end":{"line":135,"column":29},"skip":true},{"start":{"line":136,"column":26},"end":{"line":136,"column":54},"skip":true}]},"17":{"line":164,"type":"binary-expr","locations":[{"start":{"line":164,"column":27},"end":{"line":164,"column":43},"skip":true},{"start":{"line":164,"column":47},"end":{"line":164,"column":49},"skip":true}]},"18":{"line":258,"type":"if","locations":[{"start":{"line":258,"column":8},"end":{"line":258,"column":8},"skip":true},{"start":{"line":258,"column":8},"end":{"line":258,"column":8},"skip":true}]},"19":{"line":275,"type":"switch","locations":[{"start":{"line":276,"column":20},"end":{"line":277,"column":64},"skip":true},{"start":{"line":278,"column":20},"end":{"line":279,"column":40},"skip":true},{"start":{"line":280,"column":20},"end":{"line":281,"column":40},"skip":true},{"start":{"line":282,"column":20},"end":{"line":283,"column":39},"skip":true}]},"20":{"line":288,"type":"if","locations":[{"start":{"line":288,"column":8},"end":{"line":288,"column":8},"skip":true},{"start":{"line":288,"column":8},"end":{"line":288,"column":8},"skip":true}]},"21":{"line":288,"type":"binary-expr","locations":[{"start":{"line":288,"column":12},"end":{"line":288,"column":40},"skip":true},{"start":{"line":288,"column":44},"end":{"line":288,"column":67},"skip":true}]},"22":{"line":292,"type":"binary-expr","locations":[{"start":{"line":292,"column":12},"end":{"line":292,"column":50},"skip":true},{"start":{"line":293,"column":12},"end":{"line":293,"column":53},"skip":true}]},"23":{"line":297,"type":"binary-expr","locations":[{"start":{"line":297,"column":12},"end":{"line":297,"column":63},"skip":true},{"start":{"line":298,"column":12},"end":{"line":301,"column":36},"skip":true}]},"24":{"line":303,"type":"binary-expr","locations":[{"start":{"line":303,"column":43},"end":{"line":303,"column":75},"skip":true},{"start":{"line":303,"column":79},"end":{"line":303,"column":81},"skip":true}]},"25":{"line":306,"type":"if","locations":[{"start":{"line":306,"column":8},"end":{"line":306,"column":8},"skip":true},{"start":{"line":306,"column":8},"end":{"line":306,"column":8},"skip":true}]},"26":{"line":310,"type":"if","locations":[{"start":{"line":310,"column":8},"end":{"line":310,"column":8},"skip":true},{"start":{"line":310,"column":8},"end":{"line":310,"column":8},"skip":true}]},"27":{"line":313,"type":"binary-expr","locations":[{"start":{"line":313,"column":27},"end":{"line":313,"column":43},"skip":true},{"start":{"line":313,"column":47},"end":{"line":313,"column":53},"skip":true}]},"28":{"line":317,"type":"if","locations":[{"start":{"line":317,"column":12},"end":{"line":317,"column":12},"skip":true},{"start":{"line":317,"column":12},"end":{"line":317,"column":12},"skip":true}]}},"code":["/*","example.js","","quickstart example","","instruction","    1. save this script as example.js","    2. run the shell command:","        $ npm install npmtest-mysql && PORT=8081 node example.js","    3. play with the browser-demo on http://127.0.0.1:8081","*/","","","","/* istanbul instrument in package npmtest_mysql */","/*jslint","    bitwise: true,","    browser: true,","    maxerr: 8,","    maxlen: 96,","    node: true,","    nomen: true,","    regexp: true,","    stupid: true","*/","(function () {","    'use strict';","    var local;","","","","    // run shared js-env code - init-before","    (function () {","        // init local","        local = {};","        // init modeJs","        local.modeJs = (function () {","            try {","                return typeof navigator.userAgent === 'string' &&","                    typeof document.querySelector('body') === 'object' &&","                    typeof XMLHttpRequest.prototype.open === 'function' &&","                    'browser';","            } catch (errorCaughtBrowser) {","                return module.exports &&","                    typeof process.versions.node === 'string' &&","                    typeof require('http').createServer === 'function' &&","                    'node';","            }","        }());","        // init global","        local.global = local.modeJs === 'browser'","            ? window","            : global;","        // init utility2_rollup","        local = local.global.utility2_rollup || (local.modeJs === 'browser'","            ? local.global.utility2_npmtest_mysql","            : global.utility2_moduleExports);","        // export local","        local.global.local = local;","    }());","    switch (local.modeJs) {","","","","    // init-after","    // run browser js-env code - init-after","    /* istanbul ignore next */","    case 'browser':","        local.testRunBrowser = function (event) {","            if (!event || (event &&","                    event.currentTarget &&","                    event.currentTarget.className &&","                    event.currentTarget.className.includes &&","                    event.currentTarget.className.includes('onreset'))) {","                // reset output","                Array.from(","                    document.querySelectorAll('body > .resettable')","                ).forEach(function (element) {","                    switch (element.tagName) {","                    case 'INPUT':","                    case 'TEXTAREA':","                        element.value = '';","                        break;","                    default:","                        element.textContent = '';","                    }","                });","            }","            switch (event && event.currentTarget && event.currentTarget.id) {","            case 'testRunButton1':","                // show tests","                if (document.querySelector('#testReportDiv1').style.display === 'none') {","                    document.querySelector('#testReportDiv1').style.display = 'block';","                    document.querySelector('#testRunButton1').textContent =","                        'hide internal test';","                    local.modeTest = true;","                    local.testRunDefault(local);","                // hide tests","                } else {","                    document.querySelector('#testReportDiv1').style.display = 'none';","                    document.querySelector('#testRunButton1').textContent = 'run internal test';","                }","                break;","            // custom-case","            default:","                break;","            }","            if (document.querySelector('#inputTextareaEval1') && (!event || (event &&","                    event.currentTarget &&","                    event.currentTarget.className &&","                    event.currentTarget.className.includes &&","                    event.currentTarget.className.includes('oneval')))) {","                // try to eval input-code","                try {","                    /*jslint evil: true*/","                    eval(document.querySelector('#inputTextareaEval1').value);","                } catch (errorCaught) {","                    console.error(errorCaught);","                }","            }","        };","        // log stderr and stdout to #outputTextareaStdout1","        ['error', 'log'].forEach(function (key) {","            console[key + '_original'] = console[key];","            console[key] = function () {","                var element;","                console[key + '_original'].apply(console, arguments);","                element = document.querySelector('#outputTextareaStdout1');","                if (!element) {","                    return;","                }","                // append text to #outputTextareaStdout1","                element.value += Array.from(arguments).map(function (arg) {","                    return typeof arg === 'string'","                        ? arg","                        : JSON.stringify(arg, null, 4);","                }).join(' ') + '\\n';","                // scroll textarea to bottom","                element.scrollTop = element.scrollHeight;","            };","        });","        // init event-handling","        ['change', 'click', 'keyup'].forEach(function (event) {","            Array.from(document.querySelectorAll('.on' + event)).forEach(function (element) {","                element.addEventListener(event, local.testRunBrowser);","            });","        });","        // run tests","        local.testRunBrowser();","        break;","","","","    // run node js-env code - init-after","    /* istanbul ignore next */","    case 'node':","        // export local","        module.exports = local;","        // require modules","        local.fs = require('fs');","        local.http = require('http');","        local.url = require('url');","        // init assets","        local.assetsDict = local.assetsDict || {};","        /* jslint-ignore-begin */","        local.assetsDict['/assets.index.template.html'] = '\\","<!doctype html>\\n\\","<html lang=\"en\">\\n\\","<head>\\n\\","<meta charset=\"UTF-8\">\\n\\","<meta name=\"viewport\" content=\"width=device-width, initial-scale=1\">\\n\\","<title>{{env.npm_package_name}} (v{{env.npm_package_version}})</title>\\n\\","<style>\\n\\","/*csslint\\n\\","    box-sizing: false,\\n\\","    universal-selector: false\\n\\","*/\\n\\","* {\\n\\","    box-sizing: border-box;\\n\\","}\\n\\","body {\\n\\","    background: #dde;\\n\\","    font-family: Arial, Helvetica, sans-serif;\\n\\","    margin: 2rem;\\n\\","}\\n\\","body > * {\\n\\","    margin-bottom: 1rem;\\n\\","}\\n\\",".utility2FooterDiv {\\n\\","    margin-top: 20px;\\n\\","    text-align: center;\\n\\","}\\n\\","</style>\\n\\","<style>\\n\\","/*csslint\\n\\","*/\\n\\","textarea {\\n\\","    font-family: monospace;\\n\\","    height: 10rem;\\n\\","    width: 100%;\\n\\","}\\n\\","textarea[readonly] {\\n\\","    background: #ddd;\\n\\","}\\n\\","</style>\\n\\","</head>\\n\\","<body>\\n\\","<!-- utility2-comment\\n\\","<div id=\"ajaxProgressDiv1\" style=\"background: #d00; height: 2px; left: 0; margin: 0; padding: 0; position: fixed; top: 0; transition: background 0.5s, width 1.5s; width: 25%;\"></div>\\n\\","utility2-comment -->\\n\\","<h1>\\n\\","<!-- utility2-comment\\n\\","    <a\\n\\","        {{#if env.npm_package_homepage}}\\n\\","        href=\"{{env.npm_package_homepage}}\"\\n\\","        {{/if env.npm_package_homepage}}\\n\\","        target=\"_blank\"\\n\\","    >\\n\\","utility2-comment -->\\n\\","        {{env.npm_package_name}} (v{{env.npm_package_version}})\\n\\","<!-- utility2-comment\\n\\","    </a>\\n\\","utility2-comment -->\\n\\","</h1>\\n\\","<h3>{{env.npm_package_description}}</h3>\\n\\","<!-- utility2-comment\\n\\","<h4><a download href=\"assets.app.js\">download standalone app</a></h4>\\n\\","<button class=\"onclick onreset\" id=\"testRunButton1\">run internal test</button><br>\\n\\","<div id=\"testReportDiv1\" style=\"display: none;\"></div>\\n\\","utility2-comment -->\\n\\","\\n\\","\\n\\","\\n\\","<label>stderr and stdout</label>\\n\\","<textarea class=\"resettable\" id=\"outputTextareaStdout1\" readonly></textarea>\\n\\","<!-- utility2-comment\\n\\","{{#if isRollup}}\\n\\","<script src=\"assets.app.js\"></script>\\n\\","{{#unless isRollup}}\\n\\","utility2-comment -->\\n\\","<script src=\"assets.utility2.rollup.js\"></script>\\n\\","<script src=\"jsonp.utility2._stateInit?callback=window.utility2._stateInit\"></script>\\n\\","<script src=\"assets.npmtest_mysql.rollup.js\"></script>\\n\\","<script src=\"assets.example.js\"></script>\\n\\","<script src=\"assets.test.js\"></script>\\n\\","<!-- utility2-comment\\n\\","{{/if isRollup}}\\n\\","utility2-comment -->\\n\\","<div class=\"utility2FooterDiv\">\\n\\","    [ this app was created with\\n\\","    <a href=\"https://github.com/kaizhu256/node-utility2\" target=\"_blank\">utility2</a>\\n\\","    ]\\n\\","</div>\\n\\","</body>\\n\\","</html>\\n\\","';","        /* jslint-ignore-end */","        if (local.templateRender) {","            local.assetsDict['/'] = local.templateRender(","                local.assetsDict['/assets.index.template.html'],","                {","                    env: local.objectSetDefault(local.env, {","                        npm_package_description: 'the greatest app in the world!',","                        npm_package_name: 'my-app',","                        npm_package_nameAlias: 'my_app',","                        npm_package_version: '0.0.1'","                    })","                }","            );","        } else {","            local.assetsDict['/'] = local.assetsDict['/assets.index.template.html']","                .replace((/\\{\\{env\\.(\\w+?)\\}\\}/g), function (match0, match1) {","                    // jslint-hack","                    String(match0);","                    switch (match1) {","                    case 'npm_package_description':","                        return 'the greatest app in the world!';","                    case 'npm_package_name':","                        return 'my-app';","                    case 'npm_package_nameAlias':","                        return 'my_app';","                    case 'npm_package_version':","                        return '0.0.1';","                    }","                });","        }","        // run the cli","        if (local.global.utility2_rollup || module !== require.main) {","            break;","        }","        local.assetsDict['/assets.example.js'] =","            local.assetsDict['/assets.example.js'] ||","            local.fs.readFileSync(__filename, 'utf8');","        // bug-workaround - long $npm_package_buildCustomOrg","        /* jslint-ignore-begin */","        local.assetsDict['/assets.npmtest_mysql.rollup.js'] =","            local.assetsDict['/assets.npmtest_mysql.rollup.js'] ||","            local.fs.readFileSync(","                local.npmtest_mysql.__dirname + '/lib.npmtest_mysql.js',","                'utf8'","            ).replace((/^#!/), '//');","        /* jslint-ignore-end */","        local.assetsDict['/favicon.ico'] = local.assetsDict['/favicon.ico'] || '';","        // if $npm_config_timeout_exit exists,","        // then exit this process after $npm_config_timeout_exit ms","        if (Number(process.env.npm_config_timeout_exit)) {","            setTimeout(process.exit, Number(process.env.npm_config_timeout_exit));","        }","        // start server","        if (local.global.utility2_serverHttp1) {","            break;","        }","        process.env.PORT = process.env.PORT || '8081';","        console.error('server starting on port ' + process.env.PORT);","        local.http.createServer(function (request, response) {","            request.urlParsed = local.url.parse(request.url);","            if (local.assetsDict[request.urlParsed.pathname] !== undefined) {","                response.end(local.assetsDict[request.urlParsed.pathname]);","                return;","            }","            response.statusCode = 404;","            response.end();","        }).listen(process.env.PORT);","        break;","    }","}());",""],"l":{"26":2,"28":2,"33":2,"35":2,"37":2,"38":2,"39":2,"44":1,"51":2,"55":2,"59":2,"61":2,"69":1,"70":2,"76":2,"79":2,"82":2,"83":2,"85":1,"89":2,"92":1,"93":1,"94":1,"96":1,"97":1,"100":1,"101":1,"103":1,"106":1,"108":2,"114":1,"116":1,"118":1,"123":1,"124":2,"125":2,"126":3,"127":3,"128":3,"129":3,"130":1,"133":3,"134":3,"139":3,"143":1,"144":3,"145":1,"149":1,"150":1,"158":1,"160":1,"161":1,"162":1,"164":1,"166":1,"258":1,"259":1,"271":1,"274":6,"275":6,"277":1,"279":2,"281":1,"283":2,"288":1,"289":1,"291":1,"296":1,"303":1,"306":1,"307":1,"310":1,"311":1,"313":1,"314":1,"315":1,"316":1,"317":1,"318":1,"319":1,"321":1,"322":1,"324":1}},"/tmp/.task/npmtest/node-npmtest-mysql/node_modules/mysql/index.js":{"path":"/tmp/.task/npmtest/node-npmtest-mysql/node_modules/mysql/index.js","s":{"1":1,"2":1,"3":0,"4":0,"5":0,"6":1,"7":0,"8":0,"9":0,"10":1,"11":0,"12":0,"13":1,"14":0,"15":0,"16":1,"17":0,"18":0,"19":1,"20":0,"21":0,"22":1,"23":0,"24":0,"25":1,"26":1,"27":0,"28":0,"29":0,"30":0,"31":0,"32":0,"33":0,"34":0,"35":0,"36":0,"37":0,"38":0,"39":0,"40":0,"41":0,"42":0,"43":0,"44":0,"45":0,"46":0,"47":0},"b":{"1":[0,0],"2":[0,0,0,0,0,0,0,0]},"f":{"1":0,"2":0,"3":0,"4":0,"5":0,"6":0,"7":0,"8":0},"fnMap":{"1":{"name":"createConnection","line":9,"loc":{"start":{"line":9,"column":27},"end":{"line":9,"column":61}}},"2":{"name":"createPool","line":22,"loc":{"start":{"line":22,"column":21},"end":{"line":22,"column":49}}},"3":{"name":"createPoolCluster","line":35,"loc":{"start":{"line":35,"column":28},"end":{"line":35,"column":63}}},"4":{"name":"createQuery","line":49,"loc":{"start":{"line":49,"column":22},"end":{"line":49,"column":66}}},"5":{"name":"escape","line":63,"loc":{"start":{"line":63,"column":17},"end":{"line":63,"column":68}}},"6":{"name":"escapeId","line":76,"loc":{"start":{"line":76,"column":19},"end":{"line":76,"column":61}}},"7":{"name":"format","line":91,"loc":{"start":{"line":91,"column":17},"end":{"line":91,"column":74}}},"8":{"name":"loadClass","line":111,"loc":{"start":{"line":111,"column":0},"end":{"line":111,"column":30}}}},"statementMap":{"1":{"start":{"line":1,"column":0},"end":{"line":1,"column":34}},"2":{"start":{"line":9,"column":0},"end":{"line":14,"column":2}},"3":{"start":{"line":10,"column":2},"end":{"line":10,"column":49}},"4":{"start":{"line":11,"column":2},"end":{"line":11,"column":55}},"5":{"start":{"line":13,"column":2},"end":{"line":13,"column":64}},"6":{"start":{"line":22,"column":0},"end":{"line":27,"column":2}},"7":{"start":{"line":23,"column":2},"end":{"line":23,"column":37}},"8":{"start":{"line":24,"column":2},"end":{"line":24,"column":43}},"9":{"start":{"line":26,"column":2},"end":{"line":26,"column":52}},"10":{"start":{"line":35,"column":0},"end":{"line":39,"column":2}},"11":{"start":{"line":36,"column":2},"end":{"line":36,"column":45}},"12":{"start":{"line":38,"column":2},"end":{"line":38,"column":33}},"13":{"start":{"line":49,"column":0},"end":{"line":53,"column":2}},"14":{"start":{"line":50,"column":2},"end":{"line":50,"column":43}},"15":{"start":{"line":52,"column":2},"end":{"line":52,"column":55}},"16":{"start":{"line":63,"column":0},"end":{"line":67,"column":2}},"17":{"start":{"line":64,"column":2},"end":{"line":64,"column":41}},"18":{"start":{"line":66,"column":2},"end":{"line":66,"column":61}},"19":{"start":{"line":76,"column":0},"end":{"line":80,"column":2}},"20":{"start":{"line":77,"column":2},"end":{"line":77,"column":41}},"21":{"start":{"line":79,"column":2},"end":{"line":79,"column":52}},"22":{"start":{"line":91,"column":0},"end":{"line":95,"column":2}},"23":{"start":{"line":92,"column":2},"end":{"line":92,"column":41}},"24":{"start":{"line":94,"column":2},"end":{"line":94,"column":67}},"25":{"start":{"line":101,"column":0},"end":{"line":103,"column":3}},"26":{"start":{"line":111,"column":0},"end":{"line":149,"column":1}},"27":{"start":{"line":112,"column":2},"end":{"line":112,"column":33}},"28":{"start":{"line":114,"column":2},"end":{"line":116,"column":3}},"29":{"start":{"line":115,"column":4},"end":{"line":115,"column":17}},"30":{"start":{"line":119,"column":2},"end":{"line":143,"column":3}},"31":{"start":{"line":121,"column":6},"end":{"line":121,"column":42}},"32":{"start":{"line":122,"column":6},"end":{"line":122,"column":12}},"33":{"start":{"line":124,"column":6},"end":{"line":124,"column":48}},"34":{"start":{"line":125,"column":6},"end":{"line":125,"column":12}},"35":{"start":{"line":127,"column":6},"end":{"line":127,"column":36}},"36":{"start":{"line":128,"column":6},"end":{"line":128,"column":12}},"37":{"start":{"line":130,"column":6},"end":{"line":130,"column":43}},"38":{"start":{"line":131,"column":6},"end":{"line":131,"column":12}},"39":{"start":{"line":133,"column":6},"end":{"line":133,"column":42}},"40":{"start":{"line":134,"column":6},"end":{"line":134,"column":12}},"41":{"start":{"line":136,"column":6},"end":{"line":136,"column":50}},"42":{"start":{"line":137,"column":6},"end":{"line":137,"column":12}},"43":{"start":{"line":139,"column":6},"end":{"line":139,"column":56}},"44":{"start":{"line":140,"column":6},"end":{"line":140,"column":12}},"45":{"start":{"line":142,"column":6},"end":{"line":142,"column":65}},"46":{"start":{"line":146,"column":2},"end":{"line":146,"column":29}},"47":{"start":{"line":148,"column":2},"end":{"line":148,"column":15}}},"branchMap":{"1":{"line":114,"type":"if","locations":[{"start":{"line":114,"column":2},"end":{"line":114,"column":2}},{"start":{"line":114,"column":2},"end":{"line":114,"column":2}}]},"2":{"line":119,"type":"switch","locations":[{"start":{"line":120,"column":4},"end":{"line":122,"column":12}},{"start":{"line":123,"column":4},"end":{"line":125,"column":12}},{"start":{"line":126,"column":4},"end":{"line":128,"column":12}},{"start":{"line":129,"column":4},"end":{"line":131,"column":12}},{"start":{"line":132,"column":4},"end":{"line":134,"column":12}},{"start":{"line":135,"column":4},"end":{"line":137,"column":12}},{"start":{"line":138,"column":4},"end":{"line":140,"column":12}},{"start":{"line":141,"column":4},"end":{"line":142,"column":65}}]}},"code":["var Classes = Object.create(null);","","/**"," * Create a new Connection instance."," * @param {object|string} config Configuration or connection string for new MySQL connection"," * @return {Connection} A new MySQL connection"," * @public"," */","exports.createConnection = function createConnection(config) {","  var Connection       = loadClass('Connection');","  var ConnectionConfig = loadClass('ConnectionConfig');","","  return new Connection({config: new ConnectionConfig(config)});","};","","/**"," * Create a new Pool instance."," * @param {object|string} config Configuration or connection string for new MySQL connections"," * @return {Pool} A new MySQL pool"," * @public"," */","exports.createPool = function createPool(config) {","  var Pool       = loadClass('Pool');","  var PoolConfig = loadClass('PoolConfig');","","  return new Pool({config: new PoolConfig(config)});","};","","/**"," * Create a new PoolCluster instance."," * @param {object} [config] Configuration for pool cluster"," * @return {PoolCluster} New MySQL pool cluster"," * @public"," */","exports.createPoolCluster = function createPoolCluster(config) {","  var PoolCluster = loadClass('PoolCluster');","","  return new PoolCluster(config);","};","","/**"," * Create a new Query instance."," * @param {string} sql The SQL for the query"," * @param {array} [values] Any values to insert into placeholders in sql"," * @param {function} [callback] The callback to use when query is complete"," * @return {Query} New query object"," * @public"," */","exports.createQuery = function createQuery(sql, values, callback) {","  var Connection = loadClass('Connection');","","  return Connection.createQuery(sql, values, callback);","};","","/**"," * Escape a value for SQL."," * @param {*} value The value to escape"," * @param {boolean} [stringifyObjects=false] Setting if objects should be stringified"," * @param {string} [timeZone=local] Setting for time zone to use for Date conversion"," * @return {string} Escaped string value"," * @public"," */","exports.escape = function escape(value, stringifyObjects, timeZone) {","  var SqlString = loadClass('SqlString');","","  return SqlString.escape(value, stringifyObjects, timeZone);","};","","/**"," * Escape an identifier for SQL."," * @param {*} value The value to escape"," * @param {boolean} [forbidQualified=false] Setting to treat '.' as part of identifier"," * @return {string} Escaped string value"," * @public"," */","exports.escapeId = function escapeId(value, forbidQualified) {","  var SqlString = loadClass('SqlString');","","  return SqlString.escapeId(value, forbidQualified);","};","","/**"," * Format SQL and replacement values into a SQL string."," * @param {string} sql The SQL for the query"," * @param {array} [values] Any values to insert into placeholders in sql"," * @param {boolean} [stringifyObjects=false] Setting if objects should be stringified"," * @param {string} [timeZone=local] Setting for time zone to use for Date conversion"," * @return {string} Formatted SQL string"," * @public"," */","exports.format = function format(sql, values, stringifyObjects, timeZone) {","  var SqlString = loadClass('SqlString');","","  return SqlString.format(sql, values, stringifyObjects, timeZone);","};","","/**"," * The type constants."," * @public"," */","Object.defineProperty(exports, 'Types', {","  get: loadClass.bind(null, 'Types')","});","","/**"," * Load the given class."," * @param {string} className Name of class to default"," * @return {function|object} Class constructor or exports"," * @private"," */","function loadClass(className) {","  var Class = Classes[className];","","  if (Class !== undefined) {","    return Class;","  }","","  // This uses a switch for static require analysis","  switch (className) {","    case 'Connection':","      Class = require('./lib/Connection');","      break;","    case 'ConnectionConfig':","      Class = require('./lib/ConnectionConfig');","      break;","    case 'Pool':","      Class = require('./lib/Pool');","      break;","    case 'PoolCluster':","      Class = require('./lib/PoolCluster');","      break;","    case 'PoolConfig':","      Class = require('./lib/PoolConfig');","      break;","    case 'SqlString':","      Class = require('./lib/protocol/SqlString');","      break;","    case 'Types':","      Class = require('./lib/protocol/constants/types');","      break;","    default:","      throw new Error('Cannot find class \\'' + className + '\\'');","  }","","  // Store to prevent invoking require()","  Classes[className] = Class;","","  return Class;","}",""],"l":{"1":1,"9":1,"10":0,"11":0,"13":0,"22":1,"23":0,"24":0,"26":0,"35":1,"36":0,"38":0,"49":1,"50":0,"52":0,"63":1,"64":0,"66":0,"76":1,"77":0,"79":0,"91":1,"92":0,"94":0,"101":1,"111":1,"112":0,"114":0,"115":0,"119":0,"121":0,"122":0,"124":0,"125":0,"127":0,"128":0,"130":0,"131":0,"133":0,"134":0,"136":0,"137":0,"139":0,"140":0,"142":0,"146":0,"148":0}},"/tmp/.task/npmtest/node-npmtest-mysql/node_modules/mysql/lib/ConnectionConfig.js":{"path":"/tmp/.task/npmtest/node-npmtest-mysql/node_modules/mysql/lib/ConnectionConfig.js","s":{"1":1,"2":1,"3":1,"4":1,"5":1,"6":1,"7":0,"8":0,"9":0,"10":0,"11":0,"12":0,"13":0,"14":0,"15":0,"16":0,"17":0,"18":0,"19":0,"20":0,"21":0,"22":0,"23":0,"24":0,"25":0,"26":0,"27":0,"28":0,"29":0,"30":0,"31":0,"32":0,"33":0,"34":0,"35":0,"36":0,"37":0,"38":0,"39":1,"40":0,"41":0,"42":0,"43":0,"44":0,"45":0,"46":0,"47":0,"48":0,"49":0,"50":1,"51":0,"52":0,"53":0,"54":0,"55":1,"56":0,"57":0,"58":0,"59":0,"60":1,"61":0,"62":0,"63":0,"64":0,"65":0,"66":0,"67":1,"68":0,"69":0,"70":0,"71":0,"72":0,"73":0,"74":0,"75":0,"76":0,"77":0,"78":0,"79":0,"80":0,"81":0,"82":0,"83":1,"84":0,"85":0,"86":0,"87":0,"88":0,"89":0,"90":0,"91":0,"92":0,"93":0,"94":0,"95":0,"96":0},"b":{"1":[0,0],"2":[0,0],"3":[0,0],"4":[0,0],"5":[0,0],"6":[0,0],"7":[0,0],"8":[0,0],"9":[0,0],"10":[0,0],"11":[0,0],"12":[0,0],"13":[0,0],"14":[0,0],"15":[0,0],"16":[0,0],"17":[0,0],"18":[0,0],"19":[0,0],"20":[0,0],"21":[0,0],"22":[0,0],"23":[0,0],"24":[0,0],"25":[0,0],"26":[0,0],"27":[0,0],"28":[0,0],"29":[0,0],"30":[0,0],"31":[0,0],"32":[0,0],"33":[0,0],"34":[0,0],"35":[0,0],"36":[0,0],"37":[0,0],"38":[0,0]},"f":{"1":0,"2":0,"3":0,"4":0,"5":0,"6":0,"7":0},"fnMap":{"1":{"name":"ConnectionConfig","line":7,"loc":{"start":{"line":7,"column":0},"end":{"line":7,"column":35}}},"2":{"name":"mergeFlags","line":63,"loc":{"start":{"line":63,"column":30},"end":{"line":63,"column":75}}},"3":{"name":"getCharsetNumber","line":86,"loc":{"start":{"line":86,"column":36},"end":{"line":86,"column":71}}},"4":{"name":"getDefaultFlags","line":96,"loc":{"start":{"line":96,"column":35},"end":{"line":96,"column":69}}},"5":{"name":"getSSLProfile","line":125,"loc":{"start":{"line":125,"column":33},"end":{"line":125,"column":62}}},"6":{"name":"parseFlagList","line":139,"loc":{"start":{"line":139,"column":33},"end":{"line":139,"column":66}}},"7":{"name":"(anonymous_7)","line":171,"loc":{"start":{"line":171,"column":28},"end":{"line":171,"column":42}}}},"statementMap":{"1":{"start":{"line":1,"column":0},"end":{"line":1,"column":43}},"2":{"start":{"line":2,"column":0},"end":{"line":2,"column":61}},"3":{"start":{"line":3,"column":0},"end":{"line":3,"column":63}},"4":{"start":{"line":4,"column":0},"end":{"line":4,"column":27}},"5":{"start":{"line":6,"column":0},"end":{"line":6,"column":34}},"6":{"start":{"line":7,"column":0},"end":{"line":61,"column":1}},"7":{"start":{"line":8,"column":2},"end":{"line":10,"column":3}},"8":{"start":{"line":9,"column":4},"end":{"line":9,"column":49}},"9":{"start":{"line":12,"column":2},"end":{"line":12,"column":56}},"10":{"start":{"line":13,"column":2},"end":{"line":13,"column":49}},"11":{"start":{"line":14,"column":2},"end":{"line":14,"column":49}},"12":{"start":{"line":15,"column":2},"end":{"line":15,"column":47}},"13":{"start":{"line":16,"column":2},"end":{"line":16,"column":54}},"14":{"start":{"line":17,"column":2},"end":{"line":17,"column":58}},"15":{"start":{"line":18,"column":2},"end":{"line":18,"column":45}},"16":{"start":{"line":19,"column":2},"end":{"line":21,"column":29}},"17":{"start":{"line":22,"column":2},"end":{"line":22,"column":58}},"18":{"start":{"line":23,"column":2},"end":{"line":23,"column":63}},"19":{"start":{"line":24,"column":2},"end":{"line":24,"column":62}},"20":{"start":{"line":25,"column":2},"end":{"line":25,"column":57}},"21":{"start":{"line":26,"column":2},"end":{"line":26,"column":42}},"22":{"start":{"line":27,"column":2},"end":{"line":27,"column":52}},"23":{"start":{"line":28,"column":2},"end":{"line":28,"column":62}},"24":{"start":{"line":29,"column":2},"end":{"line":29,"column":56}},"25":{"start":{"line":30,"column":2},"end":{"line":30,"column":48}},"26":{"start":{"line":31,"column":2},"end":{"line":31,"column":48}},"27":{"start":{"line":32,"column":2},"end":{"line":32,"column":54}},"28":{"start":{"line":33,"column":2},"end":{"line":35,"column":29}},"29":{"start":{"line":36,"column":2},"end":{"line":36,"column":64}},"30":{"start":{"line":37,"column":2},"end":{"line":39,"column":23}},"31":{"start":{"line":41,"column":2},"end":{"line":46,"column":3}},"32":{"start":{"line":45,"column":4},"end":{"line":45,"column":50}},"33":{"start":{"line":48,"column":2},"end":{"line":51,"column":3}},"34":{"start":{"line":50,"column":4},"end":{"line":50,"column":72}},"35":{"start":{"line":53,"column":2},"end":{"line":53,"column":25}},"36":{"start":{"line":54,"column":2},"end":{"line":56,"column":56}},"37":{"start":{"line":59,"column":2},"end":{"line":59,"column":63}},"38":{"start":{"line":60,"column":2},"end":{"line":60,"column":78}},"39":{"start":{"line":63,"column":0},"end":{"line":84,"column":2}},"40":{"start":{"line":64,"column":2},"end":{"line":64,"column":62}},"41":{"start":{"line":65,"column":2},"end":{"line":65,"column":59}},"42":{"start":{"line":68,"column":2},"end":{"line":72,"column":3}},"43":{"start":{"line":69,"column":4},"end":{"line":71,"column":5}},"44":{"start":{"line":70,"column":6},"end":{"line":70,"column":38}},"45":{"start":{"line":75,"column":2},"end":{"line":75,"column":18}},"46":{"start":{"line":76,"column":2},"end":{"line":81,"column":3}},"47":{"start":{"line":77,"column":4},"end":{"line":80,"column":5}},"48":{"start":{"line":79,"column":6},"end":{"line":79,"column":56}},"49":{"start":{"line":83,"column":2},"end":{"line":83,"column":15}},"50":{"start":{"line":86,"column":0},"end":{"line":94,"column":2}},"51":{"start":{"line":87,"column":2},"end":{"line":87,"column":44}},"52":{"start":{"line":89,"column":2},"end":{"line":91,"column":3}},"53":{"start":{"line":90,"column":4},"end":{"line":90,"column":63}},"54":{"start":{"line":93,"column":2},"end":{"line":93,"column":13}},"55":{"start":{"line":96,"column":0},"end":{"line":123,"column":2}},"56":{"start":{"line":97,"column":2},"end":{"line":115,"column":4}},"57":{"start":{"line":117,"column":2},"end":{"line":120,"column":3}},"58":{"start":{"line":119,"column":4},"end":{"line":119,"column":43}},"59":{"start":{"line":122,"column":2},"end":{"line":122,"column":22}},"60":{"start":{"line":125,"column":0},"end":{"line":137,"column":2}},"61":{"start":{"line":126,"column":2},"end":{"line":128,"column":3}},"62":{"start":{"line":127,"column":4},"end":{"line":127,"column":63}},"63":{"start":{"line":130,"column":2},"end":{"line":130,"column":30}},"64":{"start":{"line":132,"column":2},"end":{"line":134,"column":3}},"65":{"start":{"line":133,"column":4},"end":{"line":133,"column":64}},"66":{"start":{"line":136,"column":2},"end":{"line":136,"column":13}},"67":{"start":{"line":139,"column":0},"end":{"line":169,"column":2}},"68":{"start":{"line":140,"column":2},"end":{"line":140,"column":37}},"69":{"start":{"line":142,"column":2},"end":{"line":144,"column":3}},"70":{"start":{"line":143,"column":4},"end":{"line":143,"column":20}},"71":{"start":{"line":146,"column":2},"end":{"line":148,"column":15}},"72":{"start":{"line":150,"column":2},"end":{"line":166,"column":3}},"73":{"start":{"line":151,"column":4},"end":{"line":151,"column":26}},"74":{"start":{"line":152,"column":4},"end":{"line":152,"column":19}},"75":{"start":{"line":153,"column":4},"end":{"line":153,"column":25}},"76":{"start":{"line":155,"column":4},"end":{"line":158,"column":5}},"77":{"start":{"line":157,"column":6},"end":{"line":157,"column":15}},"78":{"start":{"line":160,"column":4},"end":{"line":163,"column":5}},"79":{"start":{"line":161,"column":6},"end":{"line":161,"column":17}},"80":{"start":{"line":162,"column":6},"end":{"line":162,"column":19}},"81":{"start":{"line":165,"column":4},"end":{"line":165,"column":50}},"82":{"start":{"line":168,"column":2},"end":{"line":168,"column":18}},"83":{"start":{"line":171,"column":0},"end":{"line":201,"column":2}},"84":{"start":{"line":172,"column":2},"end":{"line":172,"column":28}},"85":{"start":{"line":174,"column":2},"end":{"line":178,"column":4}},"86":{"start":{"line":180,"column":2},"end":{"line":184,"column":3}},"87":{"start":{"line":181,"column":4},"end":{"line":181,"column":35}},"88":{"start":{"line":182,"column":4},"end":{"line":182,"column":36}},"89":{"start":{"line":183,"column":4},"end":{"line":183,"column":38}},"90":{"start":{"line":186,"column":2},"end":{"line":198,"column":3}},"91":{"start":{"line":187,"column":4},"end":{"line":197,"column":5}},"92":{"start":{"line":188,"column":6},"end":{"line":188,"column":33}},"93":{"start":{"line":190,"column":6},"end":{"line":196,"column":7}},"94":{"start":{"line":192,"column":8},"end":{"line":192,"column":41}},"95":{"start":{"line":195,"column":8},"end":{"line":195,"column":29}},"96":{"start":{"line":200,"column":2},"end":{"line":200,"column":17}}},"branchMap":{"1":{"line":8,"type":"if","locations":[{"start":{"line":8,"column":2},"end":{"line":8,"column":2}},{"start":{"line":8,"column":2},"end":{"line":8,"column":2}}]},"2":{"line":12,"type":"binary-expr","locations":[{"start":{"line":12,"column":28},"end":{"line":12,"column":40}},{"start":{"line":12,"column":44},"end":{"line":12,"column":55}}]},"3":{"line":13,"type":"binary-expr","locations":[{"start":{"line":13,"column":28},"end":{"line":13,"column":40}},{"start":{"line":13,"column":44},"end":{"line":13,"column":48}}]},"4":{"line":16,"type":"binary-expr","locations":[{"start":{"line":16,"column":28},"end":{"line":16,"column":40}},{"start":{"line":16,"column":44},"end":{"line":16,"column":53}}]},"5":{"line":17,"type":"binary-expr","locations":[{"start":{"line":17,"column":28},"end":{"line":17,"column":44}},{"start":{"line":17,"column":48},"end":{"line":17,"column":57}}]},"6":{"line":19,"type":"cond-expr","locations":[{"start":{"line":20,"column":7},"end":{"line":20,"column":16}},{"start":{"line":21,"column":6},"end":{"line":21,"column":28}}]},"7":{"line":22,"type":"binary-expr","locations":[{"start":{"line":22,"column":28},"end":{"line":22,"column":48}},{"start":{"line":22,"column":52},"end":{"line":22,"column":57}}]},"8":{"line":23,"type":"binary-expr","locations":[{"start":{"line":23,"column":28},"end":{"line":23,"column":53}},{"start":{"line":23,"column":57},"end":{"line":23,"column":62}}]},"9":{"line":24,"type":"binary-expr","locations":[{"start":{"line":24,"column":28},"end":{"line":24,"column":52}},{"start":{"line":24,"column":56},"end":{"line":24,"column":61}}]},"10":{"line":25,"type":"binary-expr","locations":[{"start":{"line":25,"column":28},"end":{"line":25,"column":47}},{"start":{"line":25,"column":51},"end":{"line":25,"column":56}}]},"11":{"line":28,"type":"binary-expr","locations":[{"start":{"line":28,"column":28},"end":{"line":28,"column":52}},{"start":{"line":28,"column":56},"end":{"line":28,"column":61}}]},"12":{"line":29,"type":"binary-expr","locations":[{"start":{"line":29,"column":28},"end":{"line":29,"column":44}},{"start":{"line":29,"column":48},"end":{"line":29,"column":55}}]},"13":{"line":30,"type":"binary-expr","locations":[{"start":{"line":30,"column":28},"end":{"line":30,"column":41}},{"start":{"line":30,"column":45},"end":{"line":30,"column":47}}]},"14":{"line":32,"type":"binary-expr","locations":[{"start":{"line":32,"column":28},"end":{"line":32,"column":40}},{"start":{"line":32,"column":44},"end":{"line":32,"column":53}}]},"15":{"line":33,"type":"cond-expr","locations":[{"start":{"line":34,"column":6},"end":{"line":34,"column":49}},{"start":{"line":35,"column":7},"end":{"line":35,"column":27}}]},"16":{"line":35,"type":"binary-expr","locations":[{"start":{"line":35,"column":7},"end":{"line":35,"column":18}},{"start":{"line":35,"column":22},"end":{"line":35,"column":27}}]},"17":{"line":36,"type":"binary-expr","locations":[{"start":{"line":36,"column":28},"end":{"line":36,"column":54}},{"start":{"line":36,"column":58},"end":{"line":36,"column":63}}]},"18":{"line":37,"type":"cond-expr","locations":[{"start":{"line":38,"column":6},"end":{"line":38,"column":10}},{"start":{"line":39,"column":6},"end":{"line":39,"column":22}}]},"19":{"line":41,"type":"if","locations":[{"start":{"line":41,"column":2},"end":{"line":41,"column":2}},{"start":{"line":41,"column":2},"end":{"line":41,"column":2}}]},"20":{"line":48,"type":"if","locations":[{"start":{"line":48,"column":2},"end":{"line":48,"column":2}},{"start":{"line":48,"column":2},"end":{"line":48,"column":2}}]},"21":{"line":54,"type":"cond-expr","locations":[{"start":{"line":55,"column":6},"end":{"line":55,"column":56}},{"start":{"line":56,"column":6},"end":{"line":56,"column":55}}]},"22":{"line":56,"type":"binary-expr","locations":[{"start":{"line":56,"column":6},"end":{"line":56,"column":27}},{"start":{"line":56,"column":31},"end":{"line":56,"column":55}}]},"23":{"line":69,"type":"if","locations":[{"start":{"line":69,"column":4},"end":{"line":69,"column":4}},{"start":{"line":69,"column":4},"end":{"line":69,"column":4}}]},"24":{"line":77,"type":"if","locations":[{"start":{"line":77,"column":4},"end":{"line":77,"column":4}},{"start":{"line":77,"column":4},"end":{"line":77,"column":4}}]},"25":{"line":79,"type":"binary-expr","locations":[{"start":{"line":79,"column":15},"end":{"line":79,"column":48}},{"start":{"line":79,"column":52},"end":{"line":79,"column":55}}]},"26":{"line":89,"type":"if","locations":[{"start":{"line":89,"column":2},"end":{"line":89,"column":2}},{"start":{"line":89,"column":2},"end":{"line":89,"column":2}}]},"27":{"line":117,"type":"if","locations":[{"start":{"line":117,"column":2},"end":{"line":117,"column":2}},{"start":{"line":117,"column":2},"end":{"line":117,"column":2}}]},"28":{"line":117,"type":"binary-expr","locations":[{"start":{"line":117,"column":6},"end":{"line":117,"column":13}},{"start":{"line":117,"column":17},"end":{"line":117,"column":43}}]},"29":{"line":126,"type":"if","locations":[{"start":{"line":126,"column":2},"end":{"line":126,"column":2}},{"start":{"line":126,"column":2},"end":{"line":126,"column":2}}]},"30":{"line":132,"type":"if","locations":[{"start":{"line":132,"column":2},"end":{"line":132,"column":2}},{"start":{"line":132,"column":2},"end":{"line":132,"column":2}}]},"31":{"line":142,"type":"if","locations":[{"start":{"line":142,"column":2},"end":{"line":142,"column":2}},{"start":{"line":142,"column":2},"end":{"line":142,"column":2}}]},"32":{"line":146,"type":"cond-expr","locations":[{"start":{"line":147,"column":6},"end":{"line":147,"column":60}},{"start":{"line":148,"column":6},"end":{"line":148,"column":14}}]},"33":{"line":147,"type":"binary-expr","locations":[{"start":{"line":147,"column":13},"end":{"line":147,"column":21}},{"start":{"line":147,"column":25},"end":{"line":147,"column":27}}]},"34":{"line":155,"type":"if","locations":[{"start":{"line":155,"column":4},"end":{"line":155,"column":4}},{"start":{"line":155,"column":4},"end":{"line":155,"column":4}}]},"35":{"line":160,"type":"if","locations":[{"start":{"line":160,"column":4},"end":{"line":160,"column":4}},{"start":{"line":160,"column":4},"end":{"line":160,"column":4}}]},"36":{"line":160,"type":"binary-expr","locations":[{"start":{"line":160,"column":8},"end":{"line":160,"column":21}},{"start":{"line":160,"column":25},"end":{"line":160,"column":38}}]},"37":{"line":180,"type":"if","locations":[{"start":{"line":180,"column":2},"end":{"line":180,"column":2}},{"start":{"line":180,"column":2},"end":{"line":180,"column":2}}]},"38":{"line":186,"type":"if","locations":[{"start":{"line":186,"column":2},"end":{"line":186,"column":2}},{"start":{"line":186,"column":2},"end":{"line":186,"column":2}}]}},"code":["var urlParse        = require('url').parse;","var ClientConstants = require('./protocol/constants/client');","var Charsets        = require('./protocol/constants/charsets');","var SSLProfiles     = null;","","module.exports = ConnectionConfig;","function ConnectionConfig(options) {","  if (typeof options === 'string') {","    options = ConnectionConfig.parseUrl(options);","  }","","  this.host               = options.host || 'localhost';","  this.port               = options.port || 3306;","  this.localAddress       = options.localAddress;","  this.socketPath         = options.socketPath;","  this.user               = options.user || undefined;","  this.password           = options.password || undefined;","  this.database           = options.database;","  this.connectTimeout     = (options.connectTimeout === undefined)","    ? (10 * 1000)","    : options.connectTimeout;","  this.insecureAuth       = options.insecureAuth || false;","  this.supportBigNumbers  = options.supportBigNumbers || false;","  this.bigNumberStrings   = options.bigNumberStrings || false;","  this.dateStrings        = options.dateStrings || false;","  this.debug              = options.debug;","  this.trace              = options.trace !== false;","  this.stringifyObjects   = options.stringifyObjects || false;","  this.timezone           = options.timezone || 'local';","  this.flags              = options.flags || '';","  this.queryFormat        = options.queryFormat;","  this.pool               = options.pool || undefined;","  this.ssl                = (typeof options.ssl === 'string')","    ? ConnectionConfig.getSSLProfile(options.ssl)","    : (options.ssl || false);","  this.multipleStatements = options.multipleStatements || false;","  this.typeCast           = (options.typeCast === undefined)","    ? true","    : options.typeCast;","","  if (this.timezone[0] === ' ') {","    // \"+\" is a url encoded char for space so it","    // gets translated to space when giving a","    // connection string..","    this.timezone = '+' + this.timezone.substr(1);","  }","","  if (this.ssl) {","    // Default rejectUnauthorized to true","    this.ssl.rejectUnauthorized = this.ssl.rejectUnauthorized !== false;","  }","","  this.maxPacketSize = 0;","  this.charsetNumber = (options.charset)","    ? ConnectionConfig.getCharsetNumber(options.charset)","    : options.charsetNumber || Charsets.UTF8_GENERAL_CI;","","  // Set the client flags","  var defaultFlags = ConnectionConfig.getDefaultFlags(options);","  this.clientFlags = ConnectionConfig.mergeFlags(defaultFlags, options.flags);","}","","ConnectionConfig.mergeFlags = function mergeFlags(defaultFlags, userFlags) {","  var allFlags = ConnectionConfig.parseFlagList(defaultFlags);","  var newFlags = ConnectionConfig.parseFlagList(userFlags);","","  // Merge the new flags","  for (var flag in newFlags) {","    if (allFlags[flag] !== false) {","      allFlags[flag] = newFlags[flag];","    }","  }","","  // Build flags","  var flags = 0x0;","  for (var flag in allFlags) {","    if (allFlags[flag]) {","      // TODO: Throw here on some future release","      flags |= ClientConstants['CLIENT_' + flag] || 0x0;","    }","  }","","  return flags;","};","","ConnectionConfig.getCharsetNumber = function getCharsetNumber(charset) {","  var num = Charsets[charset.toUpperCase()];","","  if (num === undefined) {","    throw new TypeError('Unknown charset \\'' + charset + '\\'');","  }","","  return num;","};","","ConnectionConfig.getDefaultFlags = function getDefaultFlags(options) {","  var defaultFlags = [","    '-COMPRESS',          // Compression protocol *NOT* supported","    '-CONNECT_ATTRS',     // Does *NOT* send connection attributes in Protocol::HandshakeResponse41","    '+CONNECT_WITH_DB',   // One can specify db on connect in Handshake Response Packet","    '+FOUND_ROWS',        // Send found rows instead of affected rows","    '+IGNORE_SIGPIPE',    // Don't issue SIGPIPE if network failures","    '+IGNORE_SPACE',      // Let the parser ignore spaces before '('","    '+LOCAL_FILES',       // Can use LOAD DATA LOCAL","    '+LONG_FLAG',         // Longer flags in Protocol::ColumnDefinition320","    '+LONG_PASSWORD',     // Use the improved version of Old Password Authentication","    '+MULTI_RESULTS',     // Can handle multiple resultsets for COM_QUERY","    '+ODBC',   
[...]
 'MB8GA1UdIwQYMBaAFE4C7qw+9hXITO0s9QXBj5yECEmDMA0GCSqGSIb3DQEBBQUA\\n'","    + 'A4IBAQBezGbE9Rw/k2e25iGjj5n8r+M3dlye8ORfCE/dijHtxqAKasXHgKX8I9Tw\\n'","    + 'JkBiGWiuzqn7gO5MJ0nMMro1+gq29qjZnYX1pDHPgsRjUX8R+juRhgJ3JSHijRbf\\n'","    + '4qNJrnwga7pj94MhcLq9u0f6dxH6dXbyMv21T4TZMTmcFduf1KgaiVx1PEyJjC6r\\n'","    + 'M+Ru+A0eM+jJ7uCjUoZKcpX8xkj4nmSnz9NMPog3wdOSB9cAW7XIc5mHa656wr7I\\n'","    + 'WJxVcYNHTXIjCcng2zMKd1aCcl2KSFfy56sRfT7J5Wp69QSr+jq8KM55gw8uqAwi\\n'","    + 'VPrXn2899T1rcTtFYFP16WXjGuc0\\n'","    + '-----END CERTIFICATE-----\\n',","","    /**","     * Amazon RDS ap-northeast-2 certificate CA 2015 to 2020","     *","     *   CN = Amazon RDS ap-northeast-2 CA","     *   OU = Amazon RDS","     *   O = Amazon Web Services, Inc.","     *   L = Seattle","     *   ST = Washington","     *   C = US","     *   P = 2015-11-06T00:05:46Z/2020-03-05T00:05:46Z","     *   F = 77:D9:33:4E:CE:56:FC:42:7B:29:57:8D:67:59:ED:29:4E:18:CB:6B","     */","    '-----BEGIN CERTIFICATE-----\\n'","    + 'MIIEATCCAumgAwIBAgIBTDANBgkqhkiG9w0BAQUFADCBijELMAkGA1UEBhMCVVMx\\n'","    + 'EzARBgNVBAgMCldhc2hpbmd0b24xEDAOBgNVBAcMB1NlYXR0bGUxIjAgBgNVBAoM\\n'","    + 'GUFtYXpvbiBXZWIgU2VydmljZXMsIEluYy4xEzARBgNVBAsMCkFtYXpvbiBSRFMx\\n'","    + 'GzAZBgNVBAMMEkFtYXpvbiBSRFMgUm9vdCBDQTAeFw0xNTExMDYwMDA1NDZaFw0y\\n'","    + 'MDAzMDUwMDA1NDZaMIGUMQswCQYDVQQGEwJVUzETMBEGA1UECAwKV2FzaGluZ3Rv\\n'","    + 'bjEQMA4GA1UEBwwHU2VhdHRsZTEiMCAGA1UECgwZQW1hem9uIFdlYiBTZXJ2aWNl\\n'","    + 'cywgSW5jLjETMBEGA1UECwwKQW1hem9uIFJEUzElMCMGA1UEAwwcQW1hem9uIFJE\\n'","    + 'UyBhcC1ub3J0aGVhc3QtMiBDQTCCASIwDQYJKoZIhvcNAQEBBQADggEPADCCAQoC\\n'","    + 'ggEBAKSwd+RVUzTRH0FgnbwoTK8TMm/zMT4+2BvALpAUe6YXbkisg2goycWuuWLg\\n'","    + 'jOpFBB3GtyvXZnkqi7MkDWUmj1a2kf8l2oLyoaZ+Hm9x/sV+IJzOqPvj1XVUGjP6\\n'","    + 'yYYnPJmUYqvZeI7fEkIGdFkP2m4/sgsSGsFvpD9FK1bL1Kx2UDpYX0kHTtr18Zm/\\n'","    + '1oN6irqWALSmXMDydb8hE0FB2A1VFyeKE6PnoDj/Y5cPHwPPdEi6/3gkDkSaOG30\\n'","    + 'rWeQfL3pOcKqzbHaWTxMphd0DSL/quZ64Nr+Ly65Q5PRcTrtr55ekOUziuqXwk+o\\n'","    + '9QpACMwcJ7ROqOznZTqTzSFVXFECAwEAAaNmMGQwDgYDVR0PAQH/BAQDAgEGMBIG\\n'","    + 'A1UdEwEB/wQIMAYBAf8CAQAwHQYDVR0OBBYEFM6Nox/QWbhzWVvzoJ/y0kGpNPK+\\n'","    + 'MB8GA1UdIwQYMBaAFE4C7qw+9hXITO0s9QXBj5yECEmDMA0GCSqGSIb3DQEBBQUA\\n'","    + 'A4IBAQCTkWBqNvyRf3Y/W21DwFx3oT/AIWrHt0BdGZO34tavummXemTH9LZ/mqv9\\n'","    + 'aljt6ZuDtf5DEQjdsAwXMsyo03ffnP7doWm8iaF1+Mui77ot0TmTsP/deyGwukvJ\\n'","    + 'tkxX8bZjDh+EaNauWKr+CYnniNxCQLfFtXYJsfOdVBzK3xNL+Z3ucOQRhr2helWc\\n'","    + 'CDQgwfhP1+3pRVKqHvWCPC4R3fT7RZHuRmZ38kndv476GxRntejh+ePffif78bFI\\n'","    + '3rIZCPBGobrrUMycafSbyXteoGca/kA+/IqrAPlk0pWQ4aEL0yTWN2h2dnjoD7oX\\n'","    + 'byIuL/g9AGRh97+ssn7D6bDRPTbW\\n'","    + '-----END CERTIFICATE-----\\n',","","    /**","     * Amazon RDS ap-southeast-1 certificate CA 2015 to 2020","     *","     *   CN = Amazon RDS ap-southeast-1 CA","     *   OU = Amazon RDS","     *   O = Amazon Web Services, Inc.","     *   L = Seattle","     *   ST = Washington","     *   C = US","     *   P = 2015-02-05T22:03:19Z/2020-03-05T22:03:19Z","     *   F = 0E:EC:5D:BD:F9:80:EE:A9:A0:8D:81:AC:37:D9:8D:34:1C:CD:27:D1","     */","    '-----BEGIN CERTIFICATE-----\\n'","    + 'MIIEATCCAumgAwIBAgIBRTANBgkqhkiG9w0BAQUFADCBijELMAkGA1UEBhMCVVMx\\n'","    + 'EzARBgNVBAgMCldhc2hpbmd0b24xEDAOBgNVBAcMB1NlYXR0bGUxIjAgBgNVBAoM\\n'","    + 'GUFtYXpvbiBXZWIgU2VydmljZXMsIEluYy4xEzARBgNVBAsMCkFtYXpvbiBSRFMx\\n'","    + 'GzAZBgNVBAMMEkFtYXpvbiBSRFMgUm9vdCBDQTAeFw0xNTAyMDUyMjAzMTlaFw0y\\n'","    + 'MDAzMDUyMjAzMTlaMIGUMQswCQYDVQQGEwJVUzETMBEGA1UECAwKV2FzaGluZ3Rv\\n'","    + 'bjEQMA4GA1UEBwwHU2VhdHRsZTEiMCAGA1UECgwZQW1hem9uIFdlYiBTZXJ2aWNl\\n'","    + 'cywgSW5jLjETMBEGA1UECwwKQW1hem9uIFJEUzElMCMGA1UEAwwcQW1hem9uIFJE\\n'","    + 'UyBhcC1zb3V0aGVhc3QtMSBDQTCCASIwDQYJKoZIhvcNAQEBBQADggEPADCCAQoC\\n'","    + 'ggEBANaXElmSEYt/UtxHFsARFhSUahTf1KNJzR0Dmay6hqOXQuRVbKRwPd19u5vx\\n'","    + 'DdF1sLT7D69IK3VDnUiQScaCv2Dpu9foZt+rLx+cpx1qiQd1UHrvqq8xPzQOqCdC\\n'","    + 'RFStq6yVYZ69yfpfoI67AjclMOjl2Vph3ftVnqP0IgVKZdzeC7fd+umGgR9xY0Qr\\n'","    + 'Ubhd/lWdsbNvzK3f1TPWcfIKQnpvSt85PIEDJir6/nuJUKMtmJRwTymJf0i+JZ4x\\n'","    + '7dJa341p2kHKcHMgOPW7nJQklGBA70ytjUV6/qebS3yIugr/28mwReflg3TJzVDl\\n'","    + 'EOvi6pqbqNbkMuEwGDCmEQIVqgkCAwEAAaNmMGQwDgYDVR0PAQH/BAQDAgEGMBIG\\n'","    + 'A1UdEwEB/wQIMAYBAf8CAQAwHQYDVR0OBBYEFAu93/4k5xbWOsgdCdn+/KdiRuit\\n'","    + 'MB8GA1UdIwQYMBaAFE4C7qw+9hXITO0s9QXBj5yECEmDMA0GCSqGSIb3DQEBBQUA\\n'","    + 'A4IBAQBlcjSyscpPjf5+MgzMuAsCxByqUt+WFspwcMCpwdaBeHOPSQrXNqX2Sk6P\\n'","    + 'kth6oCivA64trWo8tFMvPYlUA1FYVD5WpN0kCK+P5pD4KHlaDsXhuhClJzp/OP8t\\n'","    + 'pOyUr5109RHLxqoKB5J5m1XA7rgcFjnMxwBSWFe3/4uMk/+4T53YfCVXuc6QV3i7\\n'","    + 'I/2LAJwFf//pTtt6fZenYfCsahnr2nvrNRNyAxcfvGZ/4Opn/mJtR6R/AjvQZHiR\\n'","    + 'bkRNKF2GW0ueK5W4FkZVZVhhX9xh1Aj2Ollb+lbOqADaVj+AT3PoJPZ3MPQHKCXm\\n'","    + 'xwG0LOLlRr/TfD6li1AfOVTAJXv9\\n'","    + '-----END CERTIFICATE-----\\n',","","    /**","     * Amazon RDS ap-southeast-2 certificate CA 2015 to 2020","     *","     *   CN = Amazon RDS ap-southeast-2 CA","     *   OU = Amazon RDS","     *   O = Amazon Web Services, Inc.","     *   L = Seattle","     *   ST = Washington","     *   C = US","     *   P = 2015-02-05T22:03:24Z/2020-03-05T22:03:24Z","     *   F = 20:D9:A8:82:23:AB:B9:E5:C5:24:10:D3:4D:0F:3D:B1:31:DF:E5:14","     */","    '-----BEGIN CERTIFICATE-----\\n'","    + 'MIIEATCCAumgAwIBAgIBRjANBgkqhkiG9w0BAQUFADCBijELMAkGA1UEBhMCVVMx\\n'","    + 'EzARBgNVBAgMCldhc2hpbmd0b24xEDAOBgNVBAcMB1NlYXR0bGUxIjAgBgNVBAoM\\n'","    + 'GUFtYXpvbiBXZWIgU2VydmljZXMsIEluYy4xEzARBgNVBAsMCkFtYXpvbiBSRFMx\\n'","    + 'GzAZBgNVBAMMEkFtYXpvbiBSRFMgUm9vdCBDQTAeFw0xNTAyMDUyMjAzMjRaFw0y\\n'","    + 'MDAzMDUyMjAzMjRaMIGUMQswCQYDVQQGEwJVUzETMBEGA1UECAwKV2FzaGluZ3Rv\\n'","    + 'bjEQMA4GA1UEBwwHU2VhdHRsZTEiMCAGA1UECgwZQW1hem9uIFdlYiBTZXJ2aWNl\\n'","    + 'cywgSW5jLjETMBEGA1UECwwKQW1hem9uIFJEUzElMCMGA1UEAwwcQW1hem9uIFJE\\n'","    + 'UyBhcC1zb3V0aGVhc3QtMiBDQTCCASIwDQYJKoZIhvcNAQEBBQADggEPADCCAQoC\\n'","    + 'ggEBAJqBAJutz69hFOh3BtLHZTbwE8eejGGKayn9hu98YMDPzWzGXWCmW+ZYWELA\\n'","    + 'cY3cNWNF8K4FqKXFr2ssorBYim1UtYFX8yhydT2hMD5zgQ2sCGUpuidijuPA6zaq\\n'","    + 'Z3tdhVR94f0q8mpwpv2zqR9PcqaGDx2VR1x773FupRPRo7mEW1vC3IptHCQlP/zE\\n'","    + '7jQiLl28bDIH2567xg7e7E9WnZToRnhlYdTaDaJsHTzi5mwILi4cihSok7Shv/ME\\n'","    + 'hnukvxeSPUpaVtFaBhfBqq055ePq9I+Ns4KGreTKMhU0O9fkkaBaBmPaFgmeX/XO\\n'","    + 'n2AX7gMouo3mtv34iDTZ0h6YCGkCAwEAAaNmMGQwDgYDVR0PAQH/BAQDAgEGMBIG\\n'","    + 'A1UdEwEB/wQIMAYBAf8CAQAwHQYDVR0OBBYEFIlQnY0KHYWn1jYumSdJYfwj/Nfw\\n'","    + 'MB8GA1UdIwQYMBaAFE4C7qw+9hXITO0s9QXBj5yECEmDMA0GCSqGSIb3DQEBBQUA\\n'","    + 'A4IBAQA0wVU6/l41cTzHc4azc4CDYY2Wd90DFWiH9C/mw0SgToYfCJ/5Cfi0NT/Y\\n'","    + 'PRnk3GchychCJgoPA/k9d0//IhYEAIiIDjyFVgjbTkKV3sh4RbdldKVOUB9kumz/\\n'","    + 'ZpShplsGt3z4QQiVnKfrAgqxWDjR0I0pQKkxXa6Sjkicos9LQxVtJ0XA4ieG1E7z\\n'","    + 'zJr+6t80wmzxvkInSaWP3xNJK9azVRTrgQZQlvkbpDbExl4mNTG66VD3bAp6t3Wa\\n'","    + 'B49//uDdfZmPkqqbX+hsxp160OH0rxJppwO3Bh869PkDnaPEd/Pxw7PawC+li0gi\\n'","    + 'NRV8iCEx85aFxcyOhqn0WZOasxee\\n'","    + '-----END CERTIFICATE-----\\n',","","    /**","     * Amazon RDS eu-central-1 certificate CA 2015 to 2020","     *","     *   CN = Amazon RDS eu-central-1 CA","     *   OU = Amazon RDS","     *   O = Amazon Web Services, Inc.","     *   L = Seattle","     *   ST = Washington","     *   C = US","     *   P = 2015-02-05T22:03:31Z/2020-03-05T22:03:31Z","     *   F = 94:B4:DF:B9:6D:7E:F7:C3:B7:BF:51:E9:A6:B7:44:A0:D0:82:11:84","     */","    '-----BEGIN CERTIFICATE-----\\n'","    + 'MIID/zCCAuegAwIBAgIBRzANBgkqhkiG9w0BAQUFADCBijELMAkGA1UEBhMCVVMx\\n'","    + 'EzARBgNVBAgMCldhc2hpbmd0b24xEDAOBgNVBAcMB1NlYXR0bGUxIjAgBgNVBAoM\\n'","    + 'GUFtYXpvbiBXZWIgU2VydmljZXMsIEluYy4xEzARBgNVBAsMCkFtYXpvbiBSRFMx\\n'","    + 'GzAZBgNVBAMMEkFtYXpvbiBSRFMgUm9vdCBDQTAeFw0xNTAyMDUyMjAzMzFaFw0y\\n'","    + 'MDAzMDUyMjAzMzFaMIGSMQswCQYDVQQGEwJVUzETMBEGA1UECAwKV2FzaGluZ3Rv\\n'","    + 'bjEQMA4GA1UEBwwHU2VhdHRsZTEiMCAGA1UECgwZQW1hem9uIFdlYiBTZXJ2aWNl\\n'","    + 'cywgSW5jLjETMBEGA1UECwwKQW1hem9uIFJEUzEjMCEGA1UEAwwaQW1hem9uIFJE\\n'","    + 'UyBldS1jZW50cmFsLTEgQ0EwggEiMA0GCSqGSIb3DQEBAQUAA4IBDwAwggEKAoIB\\n'","    + 'AQDFtP2dhSLuaPOI4ZrrPWsK4OY9ocQBp3yApH1KJYmI9wpQKZG/KCH2E6Oo7JAw\\n'","    + 'QORU519r033T+FO2Z7pFPlmz1yrxGXyHpJs8ySx3Yo5S8ncDCdZJCLmtPiq/hahg\\n'","    + '5/0ffexMFUCQaYicFZsrJ/cStdxUV+tSw2JQLD7UxS9J97LQWUPyyG+ZrjYVTVq+\\n'","    + 'zudnFmNSe4QoecXMhAFTGJFQXxP7nhSL9Ao5FGgdXy7/JWeWdQIAj8ku6cBDKPa6\\n'","    + 'Y6kP+ak+In+Lye8z9qsCD/afUozfWjPR2aA4JoIZVF8dNRShIMo8l0XfgfM2q0+n\\n'","    + 'ApZWZ+BjhIO5XuoUgHS3D2YFAgMBAAGjZjBkMA4GA1UdDwEB/wQEAwIBBjASBgNV\\n'","    + 'HRMBAf8ECDAGAQH/AgEAMB0GA1UdDgQWBBRm4GsWIA/M6q+tK8WGHWDGh2gcyTAf\\n'","    + 'BgNVHSMEGDAWgBROAu6sPvYVyEztLPUFwY+chAhJgzANBgkqhkiG9w0BAQUFAAOC\\n'","    + 'AQEAHpMmeVQNqcxgfQdbDIi5UIy+E7zZykmtAygN1XQrvga9nXTis4kOTN6g5/+g\\n'","    + 'HCx7jIXeNJzAbvg8XFqBN84Quqgpl/tQkbpco9Jh1HDs558D5NnZQxNqH5qXQ3Mm\\n'","    + 'uPgCw0pYcPOa7bhs07i+MdVwPBsX27CFDtsgAIru8HvKxY1oTZrWnyIRo93tt/pk\\n'","    + 'WuItVMVHjaQZVfTCow0aDUbte6Vlw82KjUFq+n2NMSCJDiDKsDDHT6BJc4AJHIq3\\n'","    + '/4Z52MSC9KMr0yAaaoWfW/yMEj9LliQauAgwVjArF4q78rxpfKTG9Rfd8U1BZANP\\n'","    + '7FrFMN0ThjfA1IvmOYcgskY5bQ==\\n'","    + '-----END CERTIFICATE-----\\n',","","    /**","     * Amazon RDS eu-west-1 certificate CA 2015 to 2020","     *","     *   CN = Amazon RDS eu-west-1 CA","     *   OU = Amazon RDS","     *   O = Amazon Web Services, Inc.","     *   L = Seattle","     *   ST = Washington","     *   C = US","     *   P = 2015-02-05T22:03:35Z/2020-03-05T22:03:35Z","     *   F = 1A:95:F0:43:82:D2:5D:A6:AD:F5:13:27:0B:40:8A:72:D9:92:F3:E0","     */","    '-----BEGIN CERTIFICATE-----\\n'","    + 'MIID/DCCAuSgAwIBAgIBSDANBgkqhkiG9w0BAQUFADCBijELMAkGA1UEBhMCVVMx\\n'","    + 'EzARBgNVBAgMCldhc2hpbmd0b24xEDAOBgNVBAcMB1NlYXR0bGUxIjAgBgNVBAoM\\n'","    + 'GUFtYXpvbiBXZWIgU2VydmljZXMsIEluYy4xEzARBgNVBAsMCkFtYXpvbiBSRFMx\\n'","    + 'GzAZBgNVBAMMEkFtYXpvbiBSRFMgUm9vdCBDQTAeFw0xNTAyMDUyMjAzMzVaFw0y\\n'","    + 'MDAzMDUyMjAzMzVaMIGPMQswCQYDVQQGEwJVUzETMBEGA1UECAwKV2FzaGluZ3Rv\\n'","    + 'bjEQMA4GA1UEBwwHU2VhdHRsZTEiMCAGA1UECgwZQW1hem9uIFdlYiBTZXJ2aWNl\\n'","    + 'cywgSW5jLjETMBEGA1UECwwKQW1hem9uIFJEUzEgMB4GA1UEAwwXQW1hem9uIFJE\\n'","    + 'UyBldS13ZXN0LTEgQ0EwggEiMA0GCSqGSIb3DQEBAQUAA4IBDwAwggEKAoIBAQCx\\n'","    + 'PdbqQ0HKRj79Pmocxvjc+P6i4Ux24kgFIl+ckiir1vzkmesc3a58gjrMlCksEObt\\n'","    + 'Yihs5IhzEq1ePT0gbfS9GYFp34Uj/MtPwlrfCBWG4d2TcrsKRHr1/EXUYhWqmdrb\\n'","    + 'RhX8XqoRhVkbF/auzFSBhTzcGGvZpQ2KIaxRcQfcXlMVhj/pxxAjh8U4F350Fb0h\\n'","    + 'nX1jw4/KvEreBL0Xb2lnlGTkwVxaKGSgXEnOgIyOFdOQc61vdome0+eeZsP4jqeR\\n'","    + 'TGYJA9izJsRbe2YJxHuazD+548hsPlM3vFzKKEVURCha466rAaYAHy3rKur3HYQx\\n'","    + 'Yt+SoKcEz9PXuSGj96ejAgMBAAGjZjBkMA4GA1UdDwEB/wQEAwIBBjASBgNVHRMB\\n'","    + 'Af8ECDAGAQH/AgEAMB0GA1UdDgQWBBTebg//h2oeXbZjQ4uuoiuLYzuiPDAfBgNV\\n'","    + 'HSMEGDAWgBROAu6sPvYVyEztLPUFwY+chAhJgzANBgkqhkiG9w0BAQUFAAOCAQEA\\n'","    + 'TikPaGeZasTPw+4RBemlsyPAjtFFQLo7ddaFdORLgdEysVf8aBqndvbA6MT/v4lj\\n'","    + 'GtEtUdF59ZcbWOrVm+fBZ2h/jYJ59dYF/xzb09nyRbdMSzB9+mkSsnOMqluq5y8o\\n'","    + 'DY/PfP2vGhEg/2ZncRC7nlQU1Dm8F4lFWEiQ2fi7O1cW852Vmbq61RIfcYsH/9Ma\\n'","    + 'kpgk10VZ75b8m3UhmpZ/2uRY+JEHImH5WpcTJ7wNiPNJsciZMznGtrgOnPzYco8L\\n'","    + 'cDleOASIZifNMQi9PKOJKvi0ITz0B/imr8KBsW0YjZVJ54HMa7W1lwugSM7aMAs+\\n'","    + 'E3Sd5lS+SHwWaOCHwhOEVA==\\n'","    + '-----END CERTIFICATE-----\\n',","","    /**","     * Amazon RDS sa-east-1 certificate CA 2015 to 2020","     *","     *   CN = Amazon RDS sa-east-1 CA","     *   OU = Amazon RDS","     *   O = Amazon Web Services, Inc.","     *   L = Seattle","     *   ST = Washington","     *   C = US","     *   P = 2015-02-05T22:03:40Z/2020-03-05T22:03:40Z","     *   F = 32:10:3D:FA:6D:42:F5:35:98:40:15:F4:4C:74:74:27:CB:CE:D4:B5","     */","    '-----BEGIN CERTIFICATE-----\\n'","    + 'MIID/DCCAuSgAwIBAgIBSTANBgkqhkiG9w0BAQUFADCBijELMAkGA1UEBhMCVVMx\\n'","    + 'EzARBgNVBAgMCldhc2hpbmd0b24xEDAOBgNVBAcMB1NlYXR0bGUxIjAgBgNVBAoM\\n'","    + 'GUFtYXpvbiBXZWIgU2VydmljZXMsIEluYy4xEzARBgNVBAsMCkFtYXpvbiBSRFMx\\n'","    + 'GzAZBgNVBAMMEkFtYXpvbiBSRFMgUm9vdCBDQTAeFw0xNTAyMDUyMjAzNDBaFw0y\\n'","    + 'MDAzMDUyMjAzNDBaMIGPMQswCQYDVQQGEwJVUzETMBEGA1UECAwKV2FzaGluZ3Rv\\n'","    + 'bjEQMA4GA1UEBwwHU2VhdHRsZTEiMCAGA1UECgwZQW1hem9uIFdlYiBTZXJ2aWNl\\n'","    + 'cywgSW5jLjETMBEGA1UECwwKQW1hem9uIFJEUzEgMB4GA1UEAwwXQW1hem9uIFJE\\n'","    + 'UyBzYS1lYXN0LTEgQ0EwggEiMA0GCSqGSIb3DQEBAQUAA4IBDwAwggEKAoIBAQCU\\n'","    + 'X4OBnQ5xA6TLJAiFEI6l7bUWjoVJBa/VbMdCCSs2i2dOKmqUaXu2ix2zcPILj3lZ\\n'","    + 'GMk3d/2zvTK/cKhcFrewHUBamTeVHdEmynhMQamqNmkM4ptYzFcvEUw1TGxHT4pV\\n'","    + 'Q6gSN7+/AJewQvyHexHo8D0+LDN0/Wa9mRm4ixCYH2CyYYJNKaZt9+EZfNu+PPS4\\n'","    + '8iB0TWH0DgQkbWMBfCRgolLLitAZklZ4dvdlEBS7evN1/7ttBxUK6SvkeeSx3zBl\\n'","    + 'ww3BlXqc3bvTQL0A+RRysaVyFbvtp9domFaDKZCpMmDFAN/ntx215xmQdrSt+K3F\\n'","    + 'cXdGQYHx5q410CAclGnbAgMBAAGjZjBkMA4GA1UdDwEB/wQEAwIBBjASBgNVHRMB\\n'","    + 'Af8ECDAGAQH/AgEAMB0GA1UdDgQWBBT6iVWnm/uakS+tEX2mzIfw+8JL0zAfBgNV\\n'","    + 'HSMEGDAWgBROAu6sPvYVyEztLPUFwY+chAhJgzANBgkqhkiG9w0BAQUFAAOCAQEA\\n'","    + 'FmDD+QuDklXn2EgShwQxV13+txPRuVdOSrutHhoCgMwFWCMtPPtBAKs6KPY7Guvw\\n'","    + 'DpJoZSehDiOfsgMirjOWjvfkeWSNvKfjWTVneX7pZD9W5WPnsDBvTbCGezm+v87z\\n'","    + 'b+ZM2ZMo98m/wkMcIEAgdSKilR2fuw8rLkAjhYFfs0A7tDgZ9noKwgHvoE4dsrI0\\n'","    + 'KZYco6DlP/brASfHTPa2puBLN9McK3v+h0JaSqqm5Ro2Bh56tZkQh8AWy/miuDuK\\n'","    + '3+hNEVdxosxlkM1TPa1DGj0EzzK0yoeerXuH2HX7LlCrrxf6/wdKnjR12PMrLQ4A\\n'","    + 'pCqkcWw894z6bV9MAvKe6A==\\n'","    + '-----END CERTIFICATE-----\\n',","","    /**","     * Amazon RDS us-east-1 certificate CA 2015 to 2020","     *","     *   CN = Amazon RDS us-east-1 CA","     *   OU = Amazon RDS","     *   O = Amazon Web Services, Inc.","     *   L = Seattle","     *   ST = Washington","     *   C = US","     *   P = 2015-02-05T21:54:04Z/2020-03-05T21:54:04Z","     *   F = 34:47:8A:90:8A:83:AE:45:DC:B6:16:76:D2:35:EC:E9:75:C6:2C:63","     */","    '-----BEGIN CERTIFICATE-----\\n'","    + 'MIID/DCCAuSgAwIBAgIBQzANBgkqhkiG9w0BAQUFADCBijELMAkGA1UEBhMCVVMx\\n'","    + 'EzARBgNVBAgMCldhc2hpbmd0b24xEDAOBgNVBAcMB1NlYXR0bGUxIjAgBgNVBAoM\\n'","    + 'GUFtYXpvbiBXZWIgU2VydmljZXMsIEluYy4xEzARBgNVBAsMCkFtYXpvbiBSRFMx\\n'","    + 'GzAZBgNVBAMMEkFtYXpvbiBSRFMgUm9vdCBDQTAeFw0xNTAyMDUyMTU0MDRaFw0y\\n'","    + 'MDAzMDUyMTU0MDRaMIGPMQswCQYDVQQGEwJVUzETMBEGA1UECAwKV2FzaGluZ3Rv\\n'","    + 'bjEQMA4GA1UEBwwHU2VhdHRsZTEiMCAGA1UECgwZQW1hem9uIFdlYiBTZXJ2aWNl\\n'","    + 'cywgSW5jLjETMBEGA1UECwwKQW1hem9uIFJEUzEgMB4GA1UEAwwXQW1hem9uIFJE\\n'","    + 'UyB1cy1lYXN0LTEgQ0EwggEiMA0GCSqGSIb3DQEBAQUAA4IBDwAwggEKAoIBAQDI\\n'","    + 'UIuwh8NusKHk1SqPXcP7OqxY3S/M2ZyQWD3w7Bfihpyyy/fc1w0/suIpX3kbMhAV\\n'","    + '2ESwged2/2zSx4pVnjp/493r4luhSqQYzru78TuPt9bhJIJ51WXunZW2SWkisSaf\\n'","    + 'USYUzVN9ezR/bjXTumSUQaLIouJt3OHLX49s+3NAbUyOI8EdvgBQWD68H1epsC0n\\n'","    + 'CI5s+pIktyOZ59c4DCDLQcXErQ+tNbDC++oct1ANd/q8p9URonYwGCGOBy7sbCYq\\n'","    + '9eVHh1Iy2M+SNXddVOGw5EuruvHoCIQyOz5Lz4zSuZA9dRbrfztNOpezCNYu6NKM\\n'","    + 'n+hzcvdiyxv77uNm8EaxAgMBAAGjZjBkMA4GA1UdDwEB/wQEAwIBBjASBgNVHRMB\\n'","    + 'Af8ECDAGAQH/AgEAMB0GA1UdDgQWBBQSQG3TmMe6Sa3KufaPBa72v4QFDzAfBgNV\\n'","    + 'HSMEGDAWgBROAu6sPvYVyEztLPUFwY+chAhJgzANBgkqhkiG9w0BAQUFAAOCAQEA\\n'","    + 'L/mOZfB3187xTmjOHMqN2G2oSKHBKiQLM9uv8+97qT+XR+TVsBT6b3yoPpMAGhHA\\n'","    + 'Pc7nxAF5gPpuzatx0OTLPcmYucFmfqT/1qA5WlgCnMNtczyNMH97lKFTNV7Njtek\\n'","    + 'jWEzAEQSyEWrkNpNlC4j6kMYyPzVXQeXUeZTgJ9FNnVZqmvfjip2N22tawMjrCn5\\n'","    + '7KN/zN65EwY2oO9XsaTwwWmBu3NrDdMbzJnbxoWcFWj4RBwanR1XjQOVNhDwmCOl\\n'","    + '/1Et13b8CPyj69PC8BOVU6cfTSx8WUVy0qvYOKHNY9Bqa5BDnIL3IVmUkeTlM1mt\\n'","    + 'enRpyBj+Bk9rh/ICdiRKmA==\\n'","    + '-----END CERTIFICATE-----\\n',","","    /**","     * Amazon RDS us-west-1 certificate CA 2015 to 2020","     *","     *   CN = Amazon RDS us-west-1 CA","     *   OU = Amazon RDS","     *   O = Amazon Web Services, Inc.","     *   L = Seattle","     *   ST = Washington","     *   C = US","     *   P = 2015-02-05T22:03:45Z/2020-03-05T22:03:45Z","     *   F = EF:94:2F:E3:58:0E:09:D6:79:C2:16:97:91:FB:37:EA:D7:70:A8:4B","     */","    '-----BEGIN CERTIFICATE-----\\n'","    + 'MIID/DCCAuSgAwIBAgIBSjANBgkqhkiG9w0BAQUFADCBijELMAkGA1UEBhMCVVMx\\n'","    + 'EzARBgNVBAgMCldhc2hpbmd0b24xEDAOBgNVBAcMB1NlYXR0bGUxIjAgBgNVBAoM\\n'","    + 'GUFtYXpvbiBXZWIgU2VydmljZXMsIEluYy4xEzARBgNVBAsMCkFtYXpvbiBSRFMx\\n'","    + 'GzAZBgNVBAMMEkFtYXpvbiBSRFMgUm9vdCBDQTAeFw0xNTAyMDUyMjAzNDVaFw0y\\n'","    + 'MDAzMDUyMjAzNDVaMIGPMQswCQYDVQQGEwJVUzETMBEGA1UECAwKV2FzaGluZ3Rv\\n'","    + 'bjEQMA4GA1UEBwwHU2VhdHRsZTEiMCAGA1UECgwZQW1hem9uIFdlYiBTZXJ2aWNl\\n'","    + 'cywgSW5jLjETMBEGA1UECwwKQW1hem9uIFJEUzEgMB4GA1UEAwwXQW1hem9uIFJE\\n'","    + 'UyB1cy13ZXN0LTEgQ0EwggEiMA0GCSqGSIb3DQEBAQUAA4IBDwAwggEKAoIBAQDE\\n'","    + 'Dhw+uw/ycaiIhhyu2pXFRimq0DlB8cNtIe8hdqndH8TV/TFrljNgR8QdzOgZtZ9C\\n'","    + 'zzQ2GRpInN/qJF6slEd6wO+6TaDBQkPY+07TXNt52POFUhdVkhJXHpE2BS7Xn6J7\\n'","    + '7RFAOeG1IZmc2DDt+sR1BgXzUqHslQGfFYNS0/MBO4P+ya6W7IhruB1qfa4HiYQS\\n'","    + 'dbe4MvGWnv0UzwAqdR7OF8+8/5c58YXZIXCO9riYF2ql6KNSL5cyDPcYK5VK0+Q9\\n'","    + 'VI6vuJHSMYcF7wLePw8jtBktqAFE/wbdZiIHhZvNyiNWPPNTGUmQbaJ+TzQEHDs5\\n'","    + '8en+/W7JKnPyBOkxxENbAgMBAAGjZjBkMA4GA1UdDwEB/wQEAwIBBjASBgNVHRMB\\n'","    + 'Af8ECDAGAQH/AgEAMB0GA1UdDgQWBBS0nw/tFR9bCjgqWTPJkyy4oOD8bzAfBgNV\\n'","    + 'HSMEGDAWgBROAu6sPvYVyEztLPUFwY+chAhJgzANBgkqhkiG9w0BAQUFAAOCAQEA\\n'","    + 'CXGAY3feAak6lHdqj6+YWjy6yyUnLK37bRxZDsyDVXrPRQaXRzPTzx79jvDwEb/H\\n'","    + 'Q/bdQ7zQRWqJcbivQlwhuPJ4kWPUZgSt3JUUuqkMsDzsvj/bwIjlrEFDOdHGh0mi\\n'","    + 'eVIngFEjUXjMh+5aHPEF9BlQnB8LfVtKj18e15UDTXFa+xJPFxUR7wDzCfo4WI1m\\n'","    + 'sUMG4q1FkGAZgsoyFPZfF8IVvgCuGdR8z30VWKklFxttlK0eGLlPAyIO0CQxPQlo\\n'","    + 'saNJrHf4tLOgZIWk+LpDhNd9Et5EzvJ3aURUsKY4pISPPF5WdvM9OE59bERwUErd\\n'","    + 'nuOuQWQeeadMceZnauRzJQ==\\n'","    + '-----END CERTIFICATE-----\\n',","","    /**","     * Amazon RDS us-west-2 certificate CA 2015 to 2020","     *","     *   CN = Amazon RDS us-west-2 CA","     *   OU = Amazon RDS","     *   O = Amazon Web Services, Inc.","     *   L = Seattle","     *   ST = Washington","     *   C = US","     *   P = 2015-02-05T22:03:50Z/2020-03-05T22:03:50Z","     *   F = 94:2C:A8:B0:23:48:17:F0:CD:2F:19:7F:C1:E0:21:7C:65:79:13:3A","     */","    '-----BEGIN CERTIFICATE-----\\n'","    + 'MIID/DCCAuSgAwIBAgIBSzANBgkqhkiG9w0BAQUFADCBijELMAkGA1UEBhMCVVMx\\n'","    + 'EzARBgNVBAgMCldhc2hpbmd0b24xEDAOBgNVBAcMB1NlYXR0bGUxIjAgBgNVBAoM\\n'","    + 'GUFtYXpvbiBXZWIgU2VydmljZXMsIEluYy4xEzARBgNVBAsMCkFtYXpvbiBSRFMx\\n'","    + 'GzAZBgNVBAMMEkFtYXpvbiBSRFMgUm9vdCBDQTAeFw0xNTAyMDUyMjAzNTBaFw0y\\n'","    + 'MDAzMDUyMjAzNTBaMIGPMQswCQYDVQQGEwJVUzETMBEGA1UECAwKV2FzaGluZ3Rv\\n'","    + 'bjEQMA4GA1UEBwwHU2VhdHRsZTEiMCAGA1UECgwZQW1hem9uIFdlYiBTZXJ2aWNl\\n'","    + 'cywgSW5jLjETMBEGA1UECwwKQW1hem9uIFJEUzEgMB4GA1UEAwwXQW1hem9uIFJE\\n'","    + 'UyB1cy13ZXN0LTIgQ0EwggEiMA0GCSqGSIb3DQEBAQUAA4IBDwAwggEKAoIBAQDM\\n'","    + 'H58SR48U6jyERC1vYTnub34smf5EQVXyzaTmspWGWGzT31NLNZGSDFaa7yef9kdO\\n'","    + 'mzJsgebR5tXq6LdwlIoWkKYQ7ycUaadtVKVYdI40QcI3cHn0qLFlg2iBXmWp/B+i\\n'","    + 'Z34VuVlCh31Uj5WmhaBoz8t/GRqh1V/aCsf3Wc6jCezH3QfuCjBpzxdOOHN6Ie2v\\n'","    + 'xX09O5qmZTvMoRBAvPkxdaPg/Mi7fxueWTbEVk78kuFbF1jHYw8U1BLILIAhcqlq\\n'","    + 'x4u8nl73t3O3l/soNUcIwUDK0/S+Kfqhwn9yQyPlhb4Wy3pfnZLJdkyHldktnQav\\n'","    + '9TB9u7KH5Lk0aAYslMLxAgMBAAGjZjBkMA4GA1UdDwEB/wQEAwIBBjASBgNVHRMB\\n'","    + 'Af8ECDAGAQH/AgEAMB0GA1UdDgQWBBT8roM4lRnlFHWMPWRz0zkwFZog1jAfBgNV\\n'","    + 'HSMEGDAWgBROAu6sPvYVyEztLPUFwY+chAhJgzANBgkqhkiG9w0BAQUFAAOCAQEA\\n'","    + 'JwrxwgwmPtcdaU7O7WDdYa4hprpOMamI49NDzmE0s10oGrqmLwZygcWU0jT+fJ+Y\\n'","    + 'pJe1w0CVfKaeLYNsOBVW3X4ZPmffYfWBheZiaiEflq/P6t7/Eg81gaKYnZ/x1Dfa\\n'","    + 'sUYkzPvCkXe9wEz5zdUTOCptDt89rBR9CstL9vE7WYUgiVVmBJffWbHQLtfjv6OF\\n'","    + 'NMb0QME981kGRzc2WhgP71YS2hHd1kXtsoYP1yTu4vThSKsoN4bkiHsaC1cRkLoy\\n'","    + '0fFA4wpB3WloMEvCDaUvvH1LZlBXTNlwi9KtcwD4tDxkkBt4tQczKLGpQ/nF/W9n\\n'","    + '8YDWk3IIc1sd0bkZqoau2Q==\\n'","    + '-----END CERTIFICATE-----\\n'","  ]","};",""],"l":{"2":1}}}